[1451797200] LOG ROTATION: DAILY
[1451797200] LOG VERSION: 2.0
[1451797200] CURRENT HOST STATE: adauthdc1;UP;HARD;1;PING OK - Packet loss = 0%, RTA = 0.29 ms
[1451797200] CURRENT HOST STATE: adauthdc2;UP;HARD;1;PING OK - Packet loss = 0%, RTA = 0.38 ms
[1451797200] CURRENT HOST STATE: adauthdc3;UP;HARD;1;PING OK - Packet loss = 0%, RTA = 0.44 ms
[1451797200] CURRENT HOST STATE: addc2;UP;HARD;1;PING OK - Packet loss = 0%, RTA = 0.66 ms
[1451797200] CURRENT HOST STATE: adwsusclients;UP;HARD;1;PING OK - Packet loss = 0%, RTA = 0.41 ms
[1451797200] CURRENT HOST STATE: adwsusservers;UP;HARD;1;PING OK - Packet loss = 0%, RTA = 0.48 ms
[1451797200] CURRENT HOST STATE: emuprintps;UP;HARD;1;PING OK - Packet loss = 0%, RTA = 0.50 ms
[1451797200] CURRENT HOST STATE: emuscript;UP;HARD;1;PING OK - Packet loss = 0%, RTA = 0.52 ms
[1451797200] CURRENT HOST STATE: images;UP;HARD;1;PING OK - Packet loss = 0%, RTA = 0.42 ms
[1451797200] CURRENT HOST STATE: lansweeper;UP;HARD;1;PING OK - Packet loss = 0%, RTA = 0.50 ms
[1451797200] CURRENT HOST STATE: localhost;UP;HARD;1;PING OK - Packet loss = 0%, RTA = 0.05 ms
[1451797200] CURRENT SERVICE STATE: adauthdc1;C:\ Drive Space;OK;HARD;1;c:\ - total: 49.66 Gb - used: 11.77 Gb (24%) - free 37.88 Gb (76%)
[1451797200] CURRENT SERVICE STATE: adauthdc1;CPU Load;OK;HARD;1;CPU Load 0% (5 min average)
[1451797200] CURRENT SERVICE STATE: adauthdc1;Memory Usage;OK;HARD;1;Memory usage: total:4799.59 MB - used: 1637.01 MB (34%) - free: 3162.58 MB (66%)
[1451797200] CURRENT SERVICE STATE: adauthdc1;NSClient++ Version;OK;HARD;1;NSClient++ 0.4.4.15 2015-11-25
[1451797200] CURRENT SERVICE STATE: adauthdc1;Service: AD Domain Service;OK;HARD;1;NTDS: Started
[1451797200] CURRENT SERVICE STATE: adauthdc1;Service: AD Web Service;OK;HARD;1;ADWS: Started
[1451797200] CURRENT SERVICE STATE: adauthdc1;Service: DFS Namespace;OK;HARD;1;Dfs: Started
[1451797200] CURRENT SERVICE STATE: adauthdc1;Service: DNS Client;OK;HARD;1;Dnscache: Started
[1451797200] CURRENT SERVICE STATE: adauthdc1;Service: DNS Service;OK;HARD;1;DNS: Started
[1451797200] CURRENT SERVICE STATE: adauthdc1;Service: Distributed File System Replication;OK;HARD;1;DFSR: Started
[1451797200] CURRENT SERVICE STATE: adauthdc1;Service: Firewall;OK;HARD;1;MpsSvc: Started
[1451797200] CURRENT SERVICE STATE: adauthdc1;Service: Group Policy;OK;HARD;1;gpsvc: Started
[1451797200] CURRENT SERVICE STATE: adauthdc1;Service: Intersite Messaging;OK;HARD;1;IsmServ: Started
[1451797200] CURRENT SERVICE STATE: adauthdc1;Service: Key Distribution Center;OK;HARD;1;KDC: Started
[1451797200] CURRENT SERVICE STATE: adauthdc1;Service: NetLogin;OK;HARD;1;Netlogon: Started
[1451797200] CURRENT SERVICE STATE: adauthdc1;Service: RPC;OK;HARD;1;RpcSs: Started
[1451797200] CURRENT SERVICE STATE: adauthdc1;Service: Remote Management;OK;HARD;1;WinRM: Started
[1451797200] CURRENT SERVICE STATE: adauthdc1;Service: User Profile;OK;HARD;1;ProfSvc: Started
[1451797200] CURRENT SERVICE STATE: adauthdc1;Service: VMWare Tools;OK;HARD;1;VMTools: Started
[1451797200] CURRENT SERVICE STATE: adauthdc1;Service: WMI;OK;HARD;1;Winmgmt: Started
[1451797200] CURRENT SERVICE STATE: adauthdc1;Service: Windows Time;OK;HARD;1;W32Time: Started
[1451797200] CURRENT SERVICE STATE: adauthdc1;Uptime;OK;HARD;1;System Uptime - 18 day(s) 17 hour(s) 18 minute(s)
[1451797200] CURRENT SERVICE STATE: adauthdc2;C:\ Drive Space;OK;HARD;1;c:\ - total: 49.66 Gb - used: 11.83 Gb (24%) - free 37.83 Gb (76%)
[1451797200] CURRENT SERVICE STATE: adauthdc2;CPU Load;OK;HARD;1;CPU Load 0% (5 min average)
[1451797200] CURRENT SERVICE STATE: adauthdc2;Memory Usage;OK;HARD;1;Memory usage: total:4799.59 MB - used: 1279.16 MB (27%) - free: 3520.43 MB (73%)
[1451797200] CURRENT SERVICE STATE: adauthdc2;NSClient++ Version;OK;HARD;1;NSClient++ 0.4.4.15 2015-11-25
[1451797200] CURRENT SERVICE STATE: adauthdc2;Service: AD Domain Service;OK;HARD;1;NTDS: Started
[1451797200] CURRENT SERVICE STATE: adauthdc2;Service: AD Web Service;OK;HARD;1;ADWS: Started
[1451797200] CURRENT SERVICE STATE: adauthdc2;Service: DFS Namespace;OK;HARD;1;Dfs: Started
[1451797200] CURRENT SERVICE STATE: adauthdc2;Service: DNS Client;OK;HARD;1;Dnscache: Started
[1451797200] CURRENT SERVICE STATE: adauthdc2;Service: DNS Service;OK;HARD;1;DNS: Started
[1451797200] CURRENT SERVICE STATE: adauthdc2;Service: Distributed File System Replication;OK;HARD;1;DFSR: Started
[1451797200] CURRENT SERVICE STATE: adauthdc2;Service: Firewall;OK;HARD;1;MpsSvc: Started
[1451797200] CURRENT SERVICE STATE: adauthdc2;Service: Group Policy;OK;HARD;1;gpsvc: Started
[1451797200] CURRENT SERVICE STATE: adauthdc2;Service: Intersite Messaging;OK;HARD;1;IsmServ: Started
[1451797200] CURRENT SERVICE STATE: adauthdc2;Service: Key Distribution Center;OK;HARD;1;KDC: Started
[1451797200] CURRENT SERVICE STATE: adauthdc2;Service: NetLogin;OK;HARD;1;Netlogon: Started
[1451797200] CURRENT SERVICE STATE: adauthdc2;Service: RPC;OK;HARD;1;RpcSs: Started
[1451797200] CURRENT SERVICE STATE: adauthdc2;Service: Remote Management;OK;HARD;1;WinRM: Started
[1451797200] CURRENT SERVICE STATE: adauthdc2;Service: User Profile;OK;HARD;1;ProfSvc: Started
[1451797200] CURRENT SERVICE STATE: adauthdc2;Service: VMWare Tools;OK;HARD;1;VMTools: Started
[1451797200] CURRENT SERVICE STATE: adauthdc2;Service: WMI;OK;HARD;1;Winmgmt: Started
[1451797200] CURRENT SERVICE STATE: adauthdc2;Service: Windows Time;OK;HARD;1;W32Time: Started
[1451797200] CURRENT SERVICE STATE: adauthdc2;Uptime;OK;HARD;1;System Uptime - 22 day(s) 12 hour(s) 27 minute(s)
[1451797200] CURRENT SERVICE STATE: adauthdc3;C:\ Drive Space;OK;HARD;1;c:\ - total: 49.66 Gb - used: 12.64 Gb (25%) - free 37.01 Gb (75%)
[1451797200] CURRENT SERVICE STATE: adauthdc3;CPU Load;OK;HARD;1;CPU Load 0% (5 min average)
[1451797200] CURRENT SERVICE STATE: adauthdc3;Memory Usage;OK;HARD;1;Memory usage: total:4799.59 MB - used: 1684.91 MB (35%) - free: 3114.68 MB (65%)
[1451797200] CURRENT SERVICE STATE: adauthdc3;NSClient++ Version;OK;HARD;1;NSClient++ 0.4.4.15 2015-11-25
[1451797200] CURRENT SERVICE STATE: adauthdc3;Service: AD Domain Service;OK;HARD;1;NTDS: Started
[1451797200] CURRENT SERVICE STATE: adauthdc3;Service: AD Web Service;OK;HARD;1;ADWS: Started
[1451797200] CURRENT SERVICE STATE: adauthdc3;Service: DFS Namespace;OK;HARD;1;Dfs: Started
[1451797200] CURRENT SERVICE STATE: adauthdc3;Service: DNS Client;OK;HARD;1;Dnscache: Started
[1451797200] CURRENT SERVICE STATE: adauthdc3;Service: DNS Service;OK;HARD;1;DNS: Started
[1451797200] CURRENT SERVICE STATE: adauthdc3;Service: Distributed File System Replication;OK;HARD;1;DFSR: Started
[1451797200] CURRENT SERVICE STATE: adauthdc3;Service: Firewall;OK;HARD;1;MpsSvc: Started
[1451797200] CURRENT SERVICE STATE: adauthdc3;Service: Group Policy;OK;HARD;1;gpsvc: Started
[1451797200] CURRENT SERVICE STATE: adauthdc3;Service: Intersite Messaging;OK;HARD;1;IsmServ: Started
[1451797200] CURRENT SERVICE STATE: adauthdc3;Service: Key Distribution Center;OK;HARD;1;KDC: Started
[1451797200] CURRENT SERVICE STATE: adauthdc3;Service: NetLogin;OK;HARD;1;Netlogon: Started
[1451797200] CURRENT SERVICE STATE: adauthdc3;Service: RPC;OK;HARD;1;RpcSs: Started
[1451797200] CURRENT SERVICE STATE: adauthdc3;Service: Remote Loader for IDM;OK;HARD;1;dirxml_remote.exe: Running
[1451797200] CURRENT SERVICE STATE: adauthdc3;Service: Remote Management;OK;HARD;1;WinRM: Started
[1451797200] CURRENT SERVICE STATE: adauthdc3;Service: User Profile;OK;HARD;1;ProfSvc: Started
[1451797200] CURRENT SERVICE STATE: adauthdc3;Service: VMWare Tools;OK;HARD;1;VMTools: Started
[1451797200] CURRENT SERVICE STATE: adauthdc3;Service: WMI;OK;HARD;1;Winmgmt: Started
[1451797200] CURRENT SERVICE STATE: adauthdc3;Service: Windows Time;OK;HARD;1;W32Time: Started
[1451797200] CURRENT SERVICE STATE: adauthdc3;Uptime;OK;HARD;1;System Uptime - 22 day(s) 12 hour(s) 20 minute(s)
[1451797200] CURRENT SERVICE STATE: addc2;C:\ Drive Space;OK;HARD;1;c:\ - total: 79.66 Gb - used: 11.92 Gb (15%) - free 67.74 Gb (85%)
[1451797200] CURRENT SERVICE STATE: addc2;CPU Load;OK;HARD;1;CPU Load 1% (5 min average)
[1451797200] CURRENT SERVICE STATE: addc2;Memory Usage;OK;HARD;1;Memory usage: total:9471.57 MB - used: 2027.04 MB (21%) - free: 7444.52 MB (79%)
[1451797200] CURRENT SERVICE STATE: addc2;NSClient++ Version;OK;HARD;1;NSClient++ 0,4,1,73 2012-12-17
[1451797200] CURRENT SERVICE STATE: addc2;Service: AD Domain Service;OK;HARD;1;NTDS: Started
[1451797200] CURRENT SERVICE STATE: addc2;Service: AD Web Service;OK;HARD;1;ADWS: Started
[1451797200] CURRENT SERVICE STATE: addc2;Service: DFS Namespace;OK;HARD;1;Dfs: Started
[1451797200] CURRENT SERVICE STATE: addc2;Service: DNS Client;OK;HARD;1;Dnscache: Started
[1451797200] CURRENT SERVICE STATE: addc2;Service: DNS Service;OK;HARD;1;DNS: Started
[1451797200] CURRENT SERVICE STATE: addc2;Service: Distributed File System Replication;OK;HARD;1;DFSR: Started
[1451797200] CURRENT SERVICE STATE: addc2;Service: Firewall;OK;HARD;1;MpsSvc: Started
[1451797200] CURRENT SERVICE STATE: addc2;Service: Group Policy;OK;HARD;1;gpsvc: Started
[1451797200] CURRENT SERVICE STATE: addc2;Service: Intersite Messaging;OK;HARD;1;IsmServ: Started
[1451797200] CURRENT SERVICE STATE: addc2;Service: Key Distribution Center;OK;HARD;1;KDC: Started
[1451797200] CURRENT SERVICE STATE: addc2;Service: NetLogin;OK;HARD;1;Netlogon: Started
[1451797200] CURRENT SERVICE STATE: addc2;Service: RPC;OK;HARD;1;RpcSs: Started
[1451797200] CURRENT SERVICE STATE: addc2;Service: Remote Management;OK;HARD;1;WinRM: Started
[1451797200] CURRENT SERVICE STATE: addc2;Service: User Profile;OK;HARD;1;ProfSvc: Started
[1451797200] CURRENT SERVICE STATE: addc2;Service: VMWare Tools;OK;HARD;1;VMTools: Started
[1451797200] CURRENT SERVICE STATE: addc2;Service: WMI;OK;HARD;1;Winmgmt: Started
[1451797200] CURRENT SERVICE STATE: addc2;Service: Windows Time;OK;HARD;1;W32Time: Started
[1451797200] CURRENT SERVICE STATE: addc2;Uptime;OK;HARD;1;System Uptime - 15 day(s) 9 hour(s) 39 minute(s)
[1451797200] CURRENT SERVICE STATE: adwsusclients;C:\ Drive Space;OK;HARD;1;c:\ - total: 79.66 Gb - used: 19.73 Gb (25%) - free 59.92 Gb (75%)
[1451797200] CURRENT SERVICE STATE: adwsusclients;CPU Load;OK;HARD;1;CPU Load 3% (5 min average)
[1451797200] CURRENT SERVICE STATE: adwsusclients;Memory Usage;OK;HARD;1;Memory usage: total:10239.58 MB - used: 2825.59 MB (28%) - free: 7413.99 MB (72%)
[1451797200] CURRENT SERVICE STATE: adwsusclients;NSClient++ Version;OK;HARD;1;NSClient++ 0,4,1,73 2012-12-17
[1451797200] CURRENT SERVICE STATE: adwsusclients;Service: DNS Client;OK;HARD;1;Dnscache: Started
[1451797200] CURRENT SERVICE STATE: adwsusclients;Service: Firewall;OK;HARD;1;MpsSvc: Started
[1451797200] CURRENT SERVICE STATE: adwsusclients;Service: Group Policy;OK;HARD;1;gpsvc: Started
[1451797200] CURRENT SERVICE STATE: adwsusclients;Service: NetLogin;OK;HARD;1;Netlogon: Started
[1451797200] CURRENT SERVICE STATE: adwsusclients;Service: RPC;OK;HARD;1;RpcSs: Started
[1451797200] CURRENT SERVICE STATE: adwsusclients;Service: User Profile;OK;HARD;1;ProfSvc: Started
[1451797200] CURRENT SERVICE STATE: adwsusclients;Service: WMI;OK;HARD;1;Winmgmt: Started
[1451797200] CURRENT SERVICE STATE: adwsusclients;Service: Windows Time;OK;HARD;1;W32Time: Started
[1451797200] CURRENT SERVICE STATE: adwsusclients;Uptime;OK;HARD;1;System Uptime - 11 day(s) 11 hour(s) 36 minute(s)
[1451797200] CURRENT SERVICE STATE: adwsusservers;C:\ Drive Space;OK;HARD;1;c:\ - total: 79.66 Gb - used: 18.97 Gb (24%) - free 60.68 Gb (76%)
[1451797200] CURRENT SERVICE STATE: adwsusservers;CPU Load;OK;HARD;1;CPU Load 3% (5 min average)
[1451797200] CURRENT SERVICE STATE: adwsusservers;Memory Usage;OK;HARD;1;Memory usage: total:10239.58 MB - used: 2579.20 MB (25%) - free: 7660.37 MB (75%)
[1451797200] CURRENT SERVICE STATE: adwsusservers;NSClient++ Version;OK;HARD;1;NSClient++ 0,4,1,73 2012-12-17
[1451797200] CURRENT SERVICE STATE: adwsusservers;Service: DNS Client;OK;HARD;1;Dnscache: Started
[1451797200] CURRENT SERVICE STATE: adwsusservers;Service: Firewall;OK;HARD;1;MpsSvc: Started
[1451797200] CURRENT SERVICE STATE: adwsusservers;Service: Group Policy;OK;HARD;1;gpsvc: Started
[1451797200] CURRENT SERVICE STATE: adwsusservers;Service: NetLogin;OK;HARD;1;Netlogon: Started
[1451797200] CURRENT SERVICE STATE: adwsusservers;Service: RPC;OK;HARD;1;RpcSs: Started
[1451797200] CURRENT SERVICE STATE: adwsusservers;Service: User Profile;OK;HARD;1;ProfSvc: Started
[1451797200] CURRENT SERVICE STATE: adwsusservers;Service: WMI;OK;HARD;1;Winmgmt: Started
[1451797200] CURRENT SERVICE STATE: adwsusservers;Service: Windows Time;OK;HARD;1;W32Time: Started
[1451797200] CURRENT SERVICE STATE: adwsusservers;Uptime;OK;HARD;1;System Uptime - 12 day(s) 10 hour(s) 43 minute(s)
[1451797200] CURRENT SERVICE STATE: emuprintps;C:\ Drive Space;OK;HARD;1;c:\ - total: 44.66 Gb - used: 16.52 Gb (37%) - free 28.13 Gb (63%)
[1451797200] CURRENT SERVICE STATE: emuprintps;CPU Load;OK;HARD;1;CPU Load 0% (5 min average)
[1451797200] CURRENT SERVICE STATE: emuprintps;Memory Usage;OK;HARD;1;Memory usage: total:4799.59 MB - used: 1571.68 MB (33%) - free: 3227.91 MB (67%)
[1451797200] CURRENT SERVICE STATE: emuprintps;NSClient++ Version;OK;HARD;1;NSClient++ 0.4.4.15 2015-11-25
[1451797200] CURRENT SERVICE STATE: emuprintps;Service: DNS Client;OK;HARD;1;Dnscache: Started
[1451797200] CURRENT SERVICE STATE: emuprintps;Service: Firewall;OK;HARD;1;MpsSvc: Started
[1451797200] CURRENT SERVICE STATE: emuprintps;Service: Group Policy;OK;HARD;1;gpsvc: Started
[1451797200] CURRENT SERVICE STATE: emuprintps;Service: NetLogin;OK;HARD;1;Netlogon: Started
[1451797200] CURRENT SERVICE STATE: emuprintps;Service: RPC;OK;HARD;1;RpcSs: Started
[1451797200] CURRENT SERVICE STATE: emuprintps;Service: User Profile;OK;HARD;1;ProfSvc: Started
[1451797200] CURRENT SERVICE STATE: emuprintps;Service: WMI;OK;HARD;1;Winmgmt: Started
[1451797200] CURRENT SERVICE STATE: emuprintps;Service: Windows Time;OK;HARD;1;W32Time: Started
[1451797200] CURRENT SERVICE STATE: emuprintps;Uptime;OK;HARD;1;System Uptime - 15 day(s) 1 hour(s) 12 minute(s)
[1451797200] CURRENT SERVICE STATE: emuscript;C:\ Drive Space;OK;HARD;1;c:\ - total: 79.66 Gb - used: 15.23 Gb (19%) - free 64.43 Gb (81%)
[1451797200] CURRENT SERVICE STATE: emuscript;CPU Load;OK;HARD;1;CPU Load 0% (5 min average)
[1451797200] CURRENT SERVICE STATE: emuscript;Memory Usage;OK;HARD;1;Memory usage: total:4799.59 MB - used: 1106.37 MB (23%) - free: 3693.22 MB (77%)
[1451797200] CURRENT SERVICE STATE: emuscript;NSClient++ Version;OK;HARD;1;NSClient++ 0,4,1,73 2012-12-17
[1451797200] CURRENT SERVICE STATE: emuscript;Service: DNS Client;OK;HARD;1;Dnscache: Started
[1451797200] CURRENT SERVICE STATE: emuscript;Service: Firewall;OK;HARD;1;MpsSvc: Started
[1451797200] CURRENT SERVICE STATE: emuscript;Service: Group Policy;OK;HARD;1;gpsvc: Started
[1451797200] CURRENT SERVICE STATE: emuscript;Service: NetLogin;OK;HARD;1;Netlogon: Started
[1451797200] CURRENT SERVICE STATE: emuscript;Service: RPC;OK;HARD;1;RpcSs: Started
[1451797200] CURRENT SERVICE STATE: emuscript;Service: User Profile;OK;HARD;1;ProfSvc: Started
[1451797200] CURRENT SERVICE STATE: emuscript;Service: WMI;OK;HARD;1;Winmgmt: Started
[1451797200] CURRENT SERVICE STATE: emuscript;Service: Windows Time;OK;HARD;1;W32Time: Started
[1451797200] CURRENT SERVICE STATE: emuscript;Uptime;OK;HARD;1;System Uptime - 12 day(s) 13 hour(s) 6 minute(s)
[1451797200] CURRENT SERVICE STATE: images;C:\ Drive Space;OK;HARD;1;c:\ - total: 1841.16 Gb - used: 978.61 Gb (53%) - free 862.55 Gb (47%)
[1451797200] CURRENT SERVICE STATE: images;CPU Load;OK;HARD;1;CPU Load 1% (5 min average)
[1451797200] CURRENT SERVICE STATE: images;Memory Usage;OK;HARD;1;Memory usage: total:37074.86 MB - used: 2298.93 MB (6%) - free: 34775.93 MB (94%)
[1451797200] CURRENT SERVICE STATE: images;NSClient++ Version;OK;HARD;1;NSClient++ 0.4.4.15 2015-11-25
[1451797200] CURRENT SERVICE STATE: images;Service: DNS Client;OK;HARD;1;Dnscache: Started
[1451797200] CURRENT SERVICE STATE: images;Service: Firewall;OK;HARD;1;MpsSvc: Started
[1451797200] CURRENT SERVICE STATE: images;Service: Group Policy;OK;HARD;1;gpsvc: Started
[1451797200] CURRENT SERVICE STATE: images;Service: MDT Monitor;OK;HARD;1;MDT_Monitor: Started
[1451797200] CURRENT SERVICE STATE: images;Service: NetLogin;OK;HARD;1;Netlogon: Started
[1451797200] CURRENT SERVICE STATE: images;Service: PXE Boot;OK;HARD;1;WDSServer: Started
[1451797200] CURRENT SERVICE STATE: images;Service: Print Spooler;OK;HARD;1;Spooler: Started
[1451797200] CURRENT SERVICE STATE: images;Service: RPC;OK;HARD;1;RpcSs: Started
[1451797200] CURRENT SERVICE STATE: images;Service: User Profile;OK;HARD;1;ProfSvc: Started
[1451797200] CURRENT SERVICE STATE: images;Service: WMI;OK;HARD;1;Winmgmt: Started
[1451797200] CURRENT SERVICE STATE: images;Service: Windows Time;OK;HARD;1;W32Time: Started
[1451797200] CURRENT SERVICE STATE: images;Uptime;OK;HARD;1;System Uptime - 18 day(s) 8 hour(s) 42 minute(s)
[1451797200] CURRENT SERVICE STATE: lansweeper;C:\ Drive Space;OK;HARD;1;c:\ - total: 49.48 Gb - used: 26.87 Gb (54%) - free 22.61 Gb (46%)
[1451797200] CURRENT SERVICE STATE: lansweeper;CPU Load;OK;HARD;1;CPU Load 0% (5 min average)
[1451797200] CURRENT SERVICE STATE: lansweeper;Memory Usage;OK;HARD;1;Memory usage: total:5119.40 MB - used: 2643.62 MB (52%) - free: 2475.78 MB (48%)
[1451797200] CURRENT SERVICE STATE: lansweeper;NSClient++ Version;OK;HARD;1;NSClient++ 0.5.0.19 2015-12-10
[1451797200] CURRENT SERVICE STATE: lansweeper;Service: DNS Client;OK;HARD;1;Dnscache: Started
[1451797200] CURRENT SERVICE STATE: lansweeper;Service: Firewall;OK;HARD;1;MpsSvc: Started
[1451797200] CURRENT SERVICE STATE: lansweeper;Service: Group Policy;OK;HARD;1;gpsvc: Started
[1451797200] CURRENT SERVICE STATE: lansweeper;Service: NetLogin;OK;HARD;1;Netlogon: Started
[1451797200] CURRENT SERVICE STATE: lansweeper;Service: RPC;OK;HARD;1;RpcSs: Started
[1451797200] CURRENT SERVICE STATE: lansweeper;Service: User Profile;OK;HARD;1;ProfSvc: Started
[1451797200] CURRENT SERVICE STATE: lansweeper;Service: WMI;OK;HARD;1;Winmgmt: Started
[1451797200] CURRENT SERVICE STATE: lansweeper;Service: Windows Time;OK;HARD;1;W32Time: Started
[1451797200] CURRENT SERVICE STATE: lansweeper;Uptime;OK;HARD;1;System Uptime - 11 day(s) 10 hour(s) 38 minute(s)
[1451797200] CURRENT SERVICE STATE: localhost;Current Users;OK;HARD;1;USERS OK - 2 users currently logged in
[1451797200] CURRENT SERVICE STATE: localhost;HTTP;CRITICAL;HARD;4;HTTP CRITICAL - Invalid HTTP response received from host: <?xml version="1.0" encoding="ISO-8859-1"?>
[1451797200] CURRENT SERVICE STATE: localhost;PING;OK;HARD;1;PING OK - Packet loss = 0%, RTA = 0.04 ms
[1451797200] CURRENT SERVICE STATE: localhost;Root Partition;OK;HARD;1;DISK OK - free space: / 69321 MB (92% inode=95%):
[1451797200] CURRENT SERVICE STATE: localhost;SSH;OK;HARD;1;SSH OK - OpenSSH_6.6.1 (protocol 2.0)
[1451797200] CURRENT SERVICE STATE: localhost;Swap Usage;OK;HARD;1;SWAP OK - 100% free (2053 MB out of 2053 MB)
[1451797200] CURRENT SERVICE STATE: localhost;Total Processes;OK;HARD;1;PROCS OK: 91 processes with STATE = RSZDT
[1451798430] Auto-save of retention data completed successfully.
[1451800516] SERVICE ALERT: lansweeper;Memory Usage;WARNING;SOFT;1;Memory usage: total:5119.40 MB - used: 4198.47 MB (82%) - free: 920.93 MB (18%)
[1451800635] SERVICE ALERT: lansweeper;Memory Usage;WARNING;SOFT;2;Memory usage: total:5119.40 MB - used: 4179.68 MB (82%) - free: 939.71 MB (18%)
[1451800755] SERVICE ALERT: lansweeper;Memory Usage;WARNING;HARD;3;Memory usage: total:5119.40 MB - used: 4181.64 MB (82%) - free: 937.75 MB (18%)
[1451800755] SERVICE NOTIFICATION: nagiosadmin;lansweeper;Memory Usage;WARNING;notify-service-by-email;Memory usage: total:5119.40 MB - used: 4181.64 MB (82%) - free: 937.75 MB (18%)
[1451802030] Auto-save of retention data completed successfully.
[1451802555] SERVICE ALERT: lansweeper;Memory Usage;OK;HARD;3;Memory usage: total:5119.40 MB - used: 3497.33 MB (68%) - free: 1622.06 MB (32%)
[1451802555] SERVICE NOTIFICATION: nagiosadmin;lansweeper;Memory Usage;OK;notify-service-by-email;Memory usage: total:5119.40 MB - used: 3497.33 MB (68%) - free: 1622.06 MB (32%)
[1451805630] Auto-save of retention data completed successfully.
[1451809230] Auto-save of retention data completed successfully.
[1451812830] Auto-save of retention data completed successfully.
[1451816430] Auto-save of retention data completed successfully.
[1451820030] Auto-save of retention data completed successfully.
[1451823630] Auto-save of retention data completed successfully.
[1451827230] Auto-save of retention data completed successfully.
[1451830830] Auto-save of retention data completed successfully.
[1451834430] Auto-save of retention data completed successfully.
[1451838030] Auto-save of retention data completed successfully.
[1451841630] Auto-save of retention data completed successfully.
[1451844251] Caught SIGTERM, shutting down...
[1451844251] Successfully shutdown... (PID=21636)
[1451844251] Event broker module 'NERD' deinitialized successfully.
[1451844252] Nagios 4.1.1 starting... (PID=14710)
[1451844252] Local time is Sun Jan 03 13:04:12 EST 2016
[1451844252] LOG VERSION: 2.0
[1451844252] qh: Socket '/usr/local/nagios/var/rw/nagios.qh' successfully initialized
[1451844252] qh: core query handler registered
[1451844252] nerd: Channel hostchecks registered successfully
[1451844252] nerd: Channel servicechecks registered successfully
[1451844252] nerd: Channel opathchecks registered successfully
[1451844252] nerd: Fully initialized and ready to rock!
[1451844252] wproc: Successfully registered manager as @wproc with query handler
[1451844252] wproc: Registry request: name=Core Worker 14713;pid=14713
[1451844252] wproc: Registry request: name=Core Worker 14715;pid=14715
[1451844252] wproc: Registry request: name=Core Worker 14714;pid=14714
[1451844252] wproc: Registry request: name=Core Worker 14712;pid=14712
[1451844252] Successfully launched command file worker with pid 14718
[1451847851] Auto-save of retention data completed successfully.
[1451851451] Auto-save of retention data completed successfully.
[1451855051] Auto-save of retention data completed successfully.
[1451858651] Auto-save of retention data completed successfully.
[1451862251] Auto-save of retention data completed successfully.
[1451865851] Auto-save of retention data completed successfully.
[1451869451] Auto-save of retention data completed successfully.
[1451873051] Auto-save of retention data completed successfully.
[1451876651] Auto-save of retention data completed successfully.
[1451880251] Auto-save of retention data completed successfully.
