[1451710800] LOG ROTATION: DAILY
[1451710800] LOG VERSION: 2.0
[1451710800] CURRENT HOST STATE: adauthdc1;UP;HARD;1;PING OK - Packet loss = 0%, RTA = 0.25 ms
[1451710800] CURRENT HOST STATE: adauthdc2;UP;HARD;1;PING OK - Packet loss = 0%, RTA = 0.35 ms
[1451710800] CURRENT HOST STATE: adauthdc3;UP;HARD;1;PING OK - Packet loss = 0%, RTA = 0.48 ms
[1451710800] CURRENT HOST STATE: addc2;UP;HARD;1;PING OK - Packet loss = 0%, RTA = 0.46 ms
[1451710800] CURRENT HOST STATE: adwsusclients;UP;HARD;1;PING OK - Packet loss = 0%, RTA = 0.46 ms
[1451710800] CURRENT HOST STATE: adwsusservers;UP;HARD;1;PING OK - Packet loss = 0%, RTA = 0.37 ms
[1451710800] CURRENT HOST STATE: emuprintps;UP;HARD;1;PING OK - Packet loss = 0%, RTA = 0.49 ms
[1451710800] CURRENT HOST STATE: emuscript;UP;HARD;1;PING OK - Packet loss = 0%, RTA = 0.57 ms
[1451710800] CURRENT HOST STATE: images;UP;HARD;1;PING OK - Packet loss = 0%, RTA = 0.37 ms
[1451710800] CURRENT HOST STATE: lansweeper;UP;HARD;1;PING OK - Packet loss = 0%, RTA = 0.62 ms
[1451710800] CURRENT HOST STATE: localhost;UP;HARD;1;PING OK - Packet loss = 0%, RTA = 0.04 ms
[1451710800] CURRENT SERVICE STATE: adauthdc1;C:\ Drive Space;OK;HARD;1;c:\ - total: 49.66 Gb - used: 11.77 Gb (24%) - free 37.89 Gb (76%)
[1451710800] CURRENT SERVICE STATE: adauthdc1;CPU Load;OK;HARD;1;CPU Load 0% (5 min average)
[1451710800] CURRENT SERVICE STATE: adauthdc1;Memory Usage;OK;HARD;1;Memory usage: total:4799.59 MB - used: 1635.29 MB (34%) - free: 3164.30 MB (66%)
[1451710800] CURRENT SERVICE STATE: adauthdc1;NSClient++ Version;OK;HARD;1;NSClient++ 0.4.4.15 2015-11-25
[1451710800] CURRENT SERVICE STATE: adauthdc1;Service: AD Domain Service;OK;HARD;1;NTDS: Started
[1451710800] CURRENT SERVICE STATE: adauthdc1;Service: AD Web Service;OK;HARD;1;ADWS: Started
[1451710800] CURRENT SERVICE STATE: adauthdc1;Service: DFS Namespace;OK;HARD;1;Dfs: Started
[1451710800] CURRENT SERVICE STATE: adauthdc1;Service: DNS Client;OK;HARD;1;Dnscache: Started
[1451710800] CURRENT SERVICE STATE: adauthdc1;Service: DNS Service;OK;HARD;1;DNS: Started
[1451710800] CURRENT SERVICE STATE: adauthdc1;Service: Distributed File System Replication;OK;HARD;1;DFSR: Started
[1451710800] CURRENT SERVICE STATE: adauthdc1;Service: Firewall;OK;HARD;1;MpsSvc: Started
[1451710800] CURRENT SERVICE STATE: adauthdc1;Service: Group Policy;OK;HARD;1;gpsvc: Started
[1451710800] CURRENT SERVICE STATE: adauthdc1;Service: Intersite Messaging;OK;HARD;1;IsmServ: Started
[1451710800] CURRENT SERVICE STATE: adauthdc1;Service: Key Distribution Center;OK;HARD;1;KDC: Started
[1451710800] CURRENT SERVICE STATE: adauthdc1;Service: NetLogin;OK;HARD;1;Netlogon: Started
[1451710800] CURRENT SERVICE STATE: adauthdc1;Service: RPC;OK;HARD;1;RpcSs: Started
[1451710800] CURRENT SERVICE STATE: adauthdc1;Service: Remote Management;OK;HARD;1;WinRM: Started
[1451710800] CURRENT SERVICE STATE: adauthdc1;Service: User Profile;OK;HARD;1;ProfSvc: Started
[1451710800] CURRENT SERVICE STATE: adauthdc1;Service: VMWare Tools;OK;HARD;1;VMTools: Started
[1451710800] CURRENT SERVICE STATE: adauthdc1;Service: WMI;OK;HARD;1;Winmgmt: Started
[1451710800] CURRENT SERVICE STATE: adauthdc1;Service: Windows Time;OK;HARD;1;W32Time: Started
[1451710800] CURRENT SERVICE STATE: adauthdc1;Uptime;OK;HARD;1;System Uptime - 17 day(s) 17 hour(s) 18 minute(s)
[1451710800] CURRENT SERVICE STATE: adauthdc2;C:\ Drive Space;OK;HARD;1;c:\ - total: 49.66 Gb - used: 11.82 Gb (24%) - free 37.83 Gb (76%)
[1451710800] CURRENT SERVICE STATE: adauthdc2;CPU Load;OK;HARD;1;CPU Load 0% (5 min average)
[1451710800] CURRENT SERVICE STATE: adauthdc2;Memory Usage;OK;HARD;1;Memory usage: total:4799.59 MB - used: 1284.63 MB (27%) - free: 3514.96 MB (73%)
[1451710800] CURRENT SERVICE STATE: adauthdc2;NSClient++ Version;OK;HARD;1;NSClient++ 0.4.4.15 2015-11-25
[1451710800] CURRENT SERVICE STATE: adauthdc2;Service: AD Domain Service;OK;HARD;1;NTDS: Started
[1451710800] CURRENT SERVICE STATE: adauthdc2;Service: AD Web Service;OK;HARD;1;ADWS: Started
[1451710800] CURRENT SERVICE STATE: adauthdc2;Service: DFS Namespace;OK;HARD;1;Dfs: Started
[1451710800] CURRENT SERVICE STATE: adauthdc2;Service: DNS Client;OK;HARD;1;Dnscache: Started
[1451710800] CURRENT SERVICE STATE: adauthdc2;Service: DNS Service;OK;HARD;1;DNS: Started
[1451710800] CURRENT SERVICE STATE: adauthdc2;Service: Distributed File System Replication;OK;HARD;1;DFSR: Started
[1451710800] CURRENT SERVICE STATE: adauthdc2;Service: Firewall;OK;HARD;1;MpsSvc: Started
[1451710800] CURRENT SERVICE STATE: adauthdc2;Service: Group Policy;OK;HARD;1;gpsvc: Started
[1451710800] CURRENT SERVICE STATE: adauthdc2;Service: Intersite Messaging;OK;HARD;1;IsmServ: Started
[1451710800] CURRENT SERVICE STATE: adauthdc2;Service: Key Distribution Center;OK;HARD;1;KDC: Started
[1451710800] CURRENT SERVICE STATE: adauthdc2;Service: NetLogin;OK;HARD;1;Netlogon: Started
[1451710800] CURRENT SERVICE STATE: adauthdc2;Service: RPC;OK;HARD;1;RpcSs: Started
[1451710800] CURRENT SERVICE STATE: adauthdc2;Service: Remote Management;OK;HARD;1;WinRM: Started
[1451710800] CURRENT SERVICE STATE: adauthdc2;Service: User Profile;OK;HARD;1;ProfSvc: Started
[1451710800] CURRENT SERVICE STATE: adauthdc2;Service: VMWare Tools;OK;HARD;1;VMTools: Started
[1451710800] CURRENT SERVICE STATE: adauthdc2;Service: WMI;OK;HARD;1;Winmgmt: Started
[1451710800] CURRENT SERVICE STATE: adauthdc2;Service: Windows Time;OK;HARD;1;W32Time: Started
[1451710800] CURRENT SERVICE STATE: adauthdc2;Uptime;OK;HARD;1;System Uptime - 21 day(s) 12 hour(s) 27 minute(s)
[1451710800] CURRENT SERVICE STATE: adauthdc3;C:\ Drive Space;OK;HARD;1;c:\ - total: 49.66 Gb - used: 12.63 Gb (25%) - free 37.02 Gb (75%)
[1451710800] CURRENT SERVICE STATE: adauthdc3;CPU Load;OK;HARD;1;CPU Load 0% (5 min average)
[1451710800] CURRENT SERVICE STATE: adauthdc3;Memory Usage;OK;HARD;1;Memory usage: total:4799.59 MB - used: 1669.93 MB (35%) - free: 3129.66 MB (65%)
[1451710800] CURRENT SERVICE STATE: adauthdc3;NSClient++ Version;OK;HARD;1;NSClient++ 0.4.4.15 2015-11-25
[1451710800] CURRENT SERVICE STATE: adauthdc3;Service: AD Domain Service;OK;HARD;1;NTDS: Started
[1451710800] CURRENT SERVICE STATE: adauthdc3;Service: AD Web Service;OK;HARD;1;ADWS: Started
[1451710800] CURRENT SERVICE STATE: adauthdc3;Service: DFS Namespace;OK;HARD;1;Dfs: Started
[1451710800] CURRENT SERVICE STATE: adauthdc3;Service: DNS Client;OK;HARD;1;Dnscache: Started
[1451710800] CURRENT SERVICE STATE: adauthdc3;Service: DNS Service;OK;HARD;1;DNS: Started
[1451710800] CURRENT SERVICE STATE: adauthdc3;Service: Distributed File System Replication;OK;HARD;1;DFSR: Started
[1451710800] CURRENT SERVICE STATE: adauthdc3;Service: Firewall;OK;HARD;1;MpsSvc: Started
[1451710800] CURRENT SERVICE STATE: adauthdc3;Service: Group Policy;OK;HARD;1;gpsvc: Started
[1451710800] CURRENT SERVICE STATE: adauthdc3;Service: Intersite Messaging;OK;HARD;1;IsmServ: Started
[1451710800] CURRENT SERVICE STATE: adauthdc3;Service: Key Distribution Center;OK;HARD;1;KDC: Started
[1451710800] CURRENT SERVICE STATE: adauthdc3;Service: NetLogin;OK;HARD;1;Netlogon: Started
[1451710800] CURRENT SERVICE STATE: adauthdc3;Service: RPC;OK;HARD;1;RpcSs: Started
[1451710800] CURRENT SERVICE STATE: adauthdc3;Service: Remote Loader for IDM;OK;HARD;1;dirxml_remote.exe: Running
[1451710800] CURRENT SERVICE STATE: adauthdc3;Service: Remote Management;OK;HARD;1;WinRM: Started
[1451710800] CURRENT SERVICE STATE: adauthdc3;Service: User Profile;OK;HARD;1;ProfSvc: Started
[1451710800] CURRENT SERVICE STATE: adauthdc3;Service: VMWare Tools;OK;HARD;1;VMTools: Started
[1451710800] CURRENT SERVICE STATE: adauthdc3;Service: WMI;OK;HARD;1;Winmgmt: Started
[1451710800] CURRENT SERVICE STATE: adauthdc3;Service: Windows Time;OK;HARD;1;W32Time: Started
[1451710800] CURRENT SERVICE STATE: adauthdc3;Uptime;OK;HARD;1;System Uptime - 21 day(s) 12 hour(s) 20 minute(s)
[1451710800] CURRENT SERVICE STATE: addc2;C:\ Drive Space;OK;HARD;1;c:\ - total: 79.66 Gb - used: 11.95 Gb (15%) - free 67.70 Gb (85%)
[1451710800] CURRENT SERVICE STATE: addc2;CPU Load;OK;HARD;1;CPU Load 1% (5 min average)
[1451710800] CURRENT SERVICE STATE: addc2;Memory Usage;OK;HARD;1;Memory usage: total:9471.57 MB - used: 2006.20 MB (21%) - free: 7465.37 MB (79%)
[1451710800] CURRENT SERVICE STATE: addc2;NSClient++ Version;OK;HARD;1;NSClient++ 0,4,1,73 2012-12-17
[1451710800] CURRENT SERVICE STATE: addc2;Service: AD Domain Service;OK;HARD;1;NTDS: Started
[1451710800] CURRENT SERVICE STATE: addc2;Service: AD Web Service;OK;HARD;1;ADWS: Started
[1451710800] CURRENT SERVICE STATE: addc2;Service: DFS Namespace;OK;HARD;1;Dfs: Started
[1451710800] CURRENT SERVICE STATE: addc2;Service: DNS Client;OK;HARD;1;Dnscache: Started
[1451710800] CURRENT SERVICE STATE: addc2;Service: DNS Service;OK;HARD;1;DNS: Started
[1451710800] CURRENT SERVICE STATE: addc2;Service: Distributed File System Replication;OK;HARD;1;DFSR: Started
[1451710800] CURRENT SERVICE STATE: addc2;Service: Firewall;OK;HARD;1;MpsSvc: Started
[1451710800] CURRENT SERVICE STATE: addc2;Service: Group Policy;OK;HARD;1;gpsvc: Started
[1451710800] CURRENT SERVICE STATE: addc2;Service: Intersite Messaging;OK;HARD;1;IsmServ: Started
[1451710800] CURRENT SERVICE STATE: addc2;Service: Key Distribution Center;OK;HARD;1;KDC: Started
[1451710800] CURRENT SERVICE STATE: addc2;Service: NetLogin;OK;HARD;1;Netlogon: Started
[1451710800] CURRENT SERVICE STATE: addc2;Service: RPC;OK;HARD;1;RpcSs: Started
[1451710800] CURRENT SERVICE STATE: addc2;Service: Remote Management;OK;HARD;1;WinRM: Started
[1451710800] CURRENT SERVICE STATE: addc2;Service: User Profile;OK;HARD;1;ProfSvc: Started
[1451710800] CURRENT SERVICE STATE: addc2;Service: VMWare Tools;OK;HARD;1;VMTools: Started
[1451710800] CURRENT SERVICE STATE: addc2;Service: WMI;OK;HARD;1;Winmgmt: Started
[1451710800] CURRENT SERVICE STATE: addc2;Service: Windows Time;OK;HARD;1;W32Time: Started
[1451710800] CURRENT SERVICE STATE: addc2;Uptime;OK;HARD;1;System Uptime - 14 day(s) 9 hour(s) 39 minute(s)
[1451710800] CURRENT SERVICE STATE: adwsusclients;C:\ Drive Space;OK;HARD;1;c:\ - total: 79.66 Gb - used: 21.77 Gb (27%) - free 57.88 Gb (73%)
[1451710800] CURRENT SERVICE STATE: adwsusclients;CPU Load;OK;HARD;1;CPU Load 3% (5 min average)
[1451710800] CURRENT SERVICE STATE: adwsusclients;Memory Usage;OK;HARD;1;Memory usage: total:10239.58 MB - used: 2811.85 MB (27%) - free: 7427.73 MB (73%)
[1451710800] CURRENT SERVICE STATE: adwsusclients;NSClient++ Version;OK;HARD;1;NSClient++ 0,4,1,73 2012-12-17
[1451710800] CURRENT SERVICE STATE: adwsusclients;Service: DNS Client;OK;HARD;1;Dnscache: Started
[1451710800] CURRENT SERVICE STATE: adwsusclients;Service: Firewall;OK;HARD;1;MpsSvc: Started
[1451710800] CURRENT SERVICE STATE: adwsusclients;Service: Group Policy;OK;HARD;1;gpsvc: Started
[1451710800] CURRENT SERVICE STATE: adwsusclients;Service: NetLogin;OK;HARD;1;Netlogon: Started
[1451710800] CURRENT SERVICE STATE: adwsusclients;Service: RPC;OK;HARD;1;RpcSs: Started
[1451710800] CURRENT SERVICE STATE: adwsusclients;Service: User Profile;OK;HARD;1;ProfSvc: Started
[1451710800] CURRENT SERVICE STATE: adwsusclients;Service: WMI;OK;HARD;1;Winmgmt: Started
[1451710800] CURRENT SERVICE STATE: adwsusclients;Service: Windows Time;OK;HARD;1;W32Time: Started
[1451710800] CURRENT SERVICE STATE: adwsusclients;Uptime;OK;HARD;1;System Uptime - 10 day(s) 11 hour(s) 36 minute(s)
[1451710800] CURRENT SERVICE STATE: adwsusservers;C:\ Drive Space;OK;HARD;1;c:\ - total: 79.66 Gb - used: 18.96 Gb (24%) - free 60.70 Gb (76%)
[1451710800] CURRENT SERVICE STATE: adwsusservers;CPU Load;OK;HARD;1;CPU Load 3% (5 min average)
[1451710800] CURRENT SERVICE STATE: adwsusservers;Memory Usage;OK;HARD;1;Memory usage: total:10239.58 MB - used: 2628.08 MB (26%) - free: 7611.50 MB (74%)
[1451710800] CURRENT SERVICE STATE: adwsusservers;NSClient++ Version;OK;HARD;1;NSClient++ 0,4,1,73 2012-12-17
[1451710800] CURRENT SERVICE STATE: adwsusservers;Service: DNS Client;OK;HARD;1;Dnscache: Started
[1451710800] CURRENT SERVICE STATE: adwsusservers;Service: Firewall;OK;HARD;1;MpsSvc: Started
[1451710800] CURRENT SERVICE STATE: adwsusservers;Service: Group Policy;OK;HARD;1;gpsvc: Started
[1451710800] CURRENT SERVICE STATE: adwsusservers;Service: NetLogin;OK;HARD;1;Netlogon: Started
[1451710800] CURRENT SERVICE STATE: adwsusservers;Service: RPC;OK;HARD;1;RpcSs: Started
[1451710800] CURRENT SERVICE STATE: adwsusservers;Service: User Profile;OK;HARD;1;ProfSvc: Started
[1451710800] CURRENT SERVICE STATE: adwsusservers;Service: WMI;OK;HARD;1;Winmgmt: Started
[1451710800] CURRENT SERVICE STATE: adwsusservers;Service: Windows Time;OK;HARD;1;W32Time: Started
[1451710800] CURRENT SERVICE STATE: adwsusservers;Uptime;OK;HARD;1;System Uptime - 11 day(s) 10 hour(s) 43 minute(s)
[1451710800] CURRENT SERVICE STATE: emuprintps;C:\ Drive Space;OK;HARD;1;c:\ - total: 44.66 Gb - used: 16.52 Gb (37%) - free 28.14 Gb (63%)
[1451710800] CURRENT SERVICE STATE: emuprintps;CPU Load;OK;HARD;1;CPU Load 0% (5 min average)
[1451710800] CURRENT SERVICE STATE: emuprintps;Memory Usage;OK;HARD;1;Memory usage: total:4799.59 MB - used: 1579.19 MB (33%) - free: 3220.40 MB (67%)
[1451710800] CURRENT SERVICE STATE: emuprintps;NSClient++ Version;OK;HARD;1;NSClient++ 0.4.4.15 2015-11-25
[1451710800] CURRENT SERVICE STATE: emuprintps;Service: DNS Client;OK;HARD;1;Dnscache: Started
[1451710800] CURRENT SERVICE STATE: emuprintps;Service: Firewall;OK;HARD;1;MpsSvc: Started
[1451710800] CURRENT SERVICE STATE: emuprintps;Service: Group Policy;OK;HARD;1;gpsvc: Started
[1451710800] CURRENT SERVICE STATE: emuprintps;Service: NetLogin;OK;HARD;1;Netlogon: Started
[1451710800] CURRENT SERVICE STATE: emuprintps;Service: RPC;OK;HARD;1;RpcSs: Started
[1451710800] CURRENT SERVICE STATE: emuprintps;Service: User Profile;OK;HARD;1;ProfSvc: Started
[1451710800] CURRENT SERVICE STATE: emuprintps;Service: WMI;OK;HARD;1;Winmgmt: Started
[1451710800] CURRENT SERVICE STATE: emuprintps;Service: Windows Time;OK;HARD;1;W32Time: Started
[1451710800] CURRENT SERVICE STATE: emuprintps;Uptime;OK;HARD;1;System Uptime - 14 day(s) 1 hour(s) 13 minute(s)
[1451710800] CURRENT SERVICE STATE: emuscript;C:\ Drive Space;OK;HARD;1;c:\ - total: 79.66 Gb - used: 15.23 Gb (19%) - free 64.42 Gb (81%)
[1451710800] CURRENT SERVICE STATE: emuscript;CPU Load;OK;HARD;1;CPU Load 0% (5 min average)
[1451710800] CURRENT SERVICE STATE: emuscript;Memory Usage;OK;HARD;1;Memory usage: total:4799.59 MB - used: 1095.23 MB (23%) - free: 3704.36 MB (77%)
[1451710800] CURRENT SERVICE STATE: emuscript;NSClient++ Version;OK;HARD;1;NSClient++ 0,4,1,73 2012-12-17
[1451710800] CURRENT SERVICE STATE: emuscript;Service: DNS Client;OK;HARD;1;Dnscache: Started
[1451710800] CURRENT SERVICE STATE: emuscript;Service: Firewall;OK;HARD;1;MpsSvc: Started
[1451710800] CURRENT SERVICE STATE: emuscript;Service: Group Policy;OK;HARD;1;gpsvc: Started
[1451710800] CURRENT SERVICE STATE: emuscript;Service: NetLogin;OK;HARD;1;Netlogon: Started
[1451710800] CURRENT SERVICE STATE: emuscript;Service: RPC;OK;HARD;1;RpcSs: Started
[1451710800] CURRENT SERVICE STATE: emuscript;Service: User Profile;OK;HARD;1;ProfSvc: Started
[1451710800] CURRENT SERVICE STATE: emuscript;Service: WMI;OK;HARD;1;Winmgmt: Started
[1451710800] CURRENT SERVICE STATE: emuscript;Service: Windows Time;OK;HARD;1;W32Time: Started
[1451710800] CURRENT SERVICE STATE: emuscript;Uptime;OK;HARD;1;System Uptime - 11 day(s) 13 hour(s) 6 minute(s)
[1451710800] CURRENT SERVICE STATE: images;C:\ Drive Space;OK;HARD;1;c:\ - total: 1841.16 Gb - used: 978.61 Gb (53%) - free 862.54 Gb (47%)
[1451710800] CURRENT SERVICE STATE: images;CPU Load;OK;HARD;1;CPU Load 0% (5 min average)
[1451710800] CURRENT SERVICE STATE: images;Memory Usage;OK;HARD;1;Memory usage: total:37074.86 MB - used: 2271.70 MB (6%) - free: 34803.16 MB (94%)
[1451710800] CURRENT SERVICE STATE: images;NSClient++ Version;OK;HARD;1;NSClient++ 0.4.4.15 2015-11-25
[1451710800] CURRENT SERVICE STATE: images;Service: DNS Client;OK;HARD;1;Dnscache: Started
[1451710800] CURRENT SERVICE STATE: images;Service: Firewall;OK;HARD;1;MpsSvc: Started
[1451710800] CURRENT SERVICE STATE: images;Service: Group Policy;OK;HARD;1;gpsvc: Started
[1451710800] CURRENT SERVICE STATE: images;Service: MDT Monitor;OK;HARD;1;MDT_Monitor: Started
[1451710800] CURRENT SERVICE STATE: images;Service: NetLogin;OK;HARD;1;Netlogon: Started
[1451710800] CURRENT SERVICE STATE: images;Service: PXE Boot;OK;HARD;1;WDSServer: Started
[1451710800] CURRENT SERVICE STATE: images;Service: Print Spooler;OK;HARD;1;Spooler: Started
[1451710800] CURRENT SERVICE STATE: images;Service: RPC;OK;HARD;1;RpcSs: Started
[1451710800] CURRENT SERVICE STATE: images;Service: User Profile;OK;HARD;1;ProfSvc: Started
[1451710800] CURRENT SERVICE STATE: images;Service: WMI;OK;HARD;1;Winmgmt: Started
[1451710800] CURRENT SERVICE STATE: images;Service: Windows Time;OK;HARD;1;W32Time: Started
[1451710800] CURRENT SERVICE STATE: images;Uptime;OK;HARD;1;System Uptime - 17 day(s) 8 hour(s) 42 minute(s)
[1451710800] CURRENT SERVICE STATE: lansweeper;C:\ Drive Space;OK;HARD;1;c:\ - total: 49.48 Gb - used: 26.86 Gb (54%) - free 22.62 Gb (46%)
[1451710800] CURRENT SERVICE STATE: lansweeper;CPU Load;OK;HARD;1;CPU Load 0% (5 min average)
[1451710800] CURRENT SERVICE STATE: lansweeper;Memory Usage;OK;HARD;1;Memory usage: total:5111.99 MB - used: 2681.98 MB (52%) - free: 2430.00 MB (48%)
[1451710800] CURRENT SERVICE STATE: lansweeper;NSClient++ Version;OK;HARD;1;NSClient++ 0.5.0.19 2015-12-10
[1451710800] CURRENT SERVICE STATE: lansweeper;Service: DNS Client;OK;HARD;1;Dnscache: Started
[1451710800] CURRENT SERVICE STATE: lansweeper;Service: Firewall;OK;HARD;1;MpsSvc: Started
[1451710800] CURRENT SERVICE STATE: lansweeper;Service: Group Policy;OK;HARD;1;gpsvc: Started
[1451710800] CURRENT SERVICE STATE: lansweeper;Service: NetLogin;OK;HARD;1;Netlogon: Started
[1451710800] CURRENT SERVICE STATE: lansweeper;Service: RPC;OK;HARD;1;RpcSs: Started
[1451710800] CURRENT SERVICE STATE: lansweeper;Service: User Profile;OK;HARD;1;ProfSvc: Started
[1451710800] CURRENT SERVICE STATE: lansweeper;Service: WMI;OK;HARD;1;Winmgmt: Started
[1451710800] CURRENT SERVICE STATE: lansweeper;Service: Windows Time;OK;HARD;1;W32Time: Started
[1451710800] CURRENT SERVICE STATE: lansweeper;Uptime;OK;HARD;1;System Uptime - 10 day(s) 10 hour(s) 38 minute(s)
[1451710800] CURRENT SERVICE STATE: localhost;Current Users;OK;HARD;1;USERS OK - 2 users currently logged in
[1451710800] CURRENT SERVICE STATE: localhost;HTTP;CRITICAL;HARD;4;HTTP CRITICAL - Invalid HTTP response received from host: <?xml version="1.0" encoding="ISO-8859-1"?>
[1451710800] CURRENT SERVICE STATE: localhost;PING;OK;HARD;1;PING OK - Packet loss = 0%, RTA = 0.04 ms
[1451710800] CURRENT SERVICE STATE: localhost;Root Partition;OK;HARD;1;DISK OK - free space: / 69321 MB (92% inode=95%):
[1451710800] CURRENT SERVICE STATE: localhost;SSH;OK;HARD;1;SSH OK - OpenSSH_6.6.1 (protocol 2.0)
[1451710800] CURRENT SERVICE STATE: localhost;Swap Usage;OK;HARD;1;SWAP OK - 100% free (2053 MB out of 2053 MB)
[1451710800] CURRENT SERVICE STATE: localhost;Total Processes;OK;HARD;1;PROCS OK: 91 processes with STATE = RSZDT
[1451712030] Auto-save of retention data completed successfully.
[1451713760] SERVICE ALERT: lansweeper;Memory Usage;WARNING;SOFT;1;Memory usage: total:5111.99 MB - used: 4109.80 MB (80%) - free: 1002.18 MB (20%)
[1451713880] SERVICE ALERT: lansweeper;Memory Usage;WARNING;SOFT;2;Memory usage: total:5111.99 MB - used: 4098.09 MB (80%) - free: 1013.90 MB (20%)
[1451714000] SERVICE ALERT: lansweeper;Memory Usage;WARNING;HARD;3;Memory usage: total:5111.99 MB - used: 4113.00 MB (80%) - free: 998.99 MB (20%)
[1451714000] SERVICE NOTIFICATION: nagiosadmin;lansweeper;Memory Usage;WARNING;notify-service-by-email;Memory usage: total:5111.99 MB - used: 4113.00 MB (80%) - free: 998.99 MB (20%)
[1451714600] SERVICE ALERT: lansweeper;Memory Usage;OK;HARD;3;Memory usage: total:5111.99 MB - used: 4077.73 MB (80%) - free: 1034.25 MB (20%)
[1451714600] SERVICE NOTIFICATION: nagiosadmin;lansweeper;Memory Usage;OK;notify-service-by-email;Memory usage: total:5111.99 MB - used: 4077.73 MB (80%) - free: 1034.25 MB (20%)
[1451715630] Auto-save of retention data completed successfully.
[1451719230] Auto-save of retention data completed successfully.
[1451722830] Auto-save of retention data completed successfully.
[1451726430] Auto-save of retention data completed successfully.
[1451730030] Auto-save of retention data completed successfully.
[1451733630] Auto-save of retention data completed successfully.
[1451737230] Auto-save of retention data completed successfully.
[1451740830] Auto-save of retention data completed successfully.
[1451744430] Auto-save of retention data completed successfully.
[1451745908] SERVICE ALERT: lansweeper;CPU Load;WARNING;SOFT;1;CPU Load 87% (5 min average)
[1451746028] SERVICE ALERT: lansweeper;CPU Load;OK;SOFT;2;CPU Load 9% (5 min average)
[1451748030] Auto-save of retention data completed successfully.
[1451751630] Auto-save of retention data completed successfully.
[1451755230] Auto-save of retention data completed successfully.
[1451758830] Auto-save of retention data completed successfully.
[1451762430] Auto-save of retention data completed successfully.
[1451762598] SERVICE ALERT: lansweeper;Memory Usage;WARNING;SOFT;1;Memory usage: total:5111.99 MB - used: 4465.14 MB (87%) - free: 646.85 MB (13%)
[1451762718] SERVICE ALERT: lansweeper;Memory Usage;OK;SOFT;2;Memory usage: total:5183.40 MB - used: 2573.53 MB (50%) - free: 2609.86 MB (50%)
[1451766030] Auto-save of retention data completed successfully.
[1451769630] Auto-save of retention data completed successfully.
[1451773230] Auto-save of retention data completed successfully.
[1451776830] Auto-save of retention data completed successfully.
[1451780430] Auto-save of retention data completed successfully.
[1451784030] Auto-save of retention data completed successfully.
[1451787630] Auto-save of retention data completed successfully.
[1451791230] Auto-save of retention data completed successfully.
[1451794830] Auto-save of retention data completed successfully.
