[1452747600] LOG ROTATION: DAILY
[1452747600] LOG VERSION: 2.0
[1452747600] CURRENT HOST STATE: adauthdc1;UP;HARD;1;PING OK - Packet loss = 0%, RTA = 0.29 ms
[1452747600] CURRENT HOST STATE: adauthdc2;UP;HARD;1;PING OK - Packet loss = 0%, RTA = 0.31 ms
[1452747600] CURRENT HOST STATE: adauthdc3;UP;HARD;1;PING OK - Packet loss = 0%, RTA = 0.44 ms
[1452747600] CURRENT HOST STATE: adca1;UP;HARD;1;PING OK - Packet loss = 0%, RTA = 0.43 ms
[1452747600] CURRENT HOST STATE: adca2;UP;HARD;1;PING OK - Packet loss = 0%, RTA = 0.42 ms
[1452747600] CURRENT HOST STATE: addc1;UP;HARD;1;PING OK - Packet loss = 0%, RTA = 0.37 ms
[1452747600] CURRENT HOST STATE: addc2;UP;HARD;1;PING OK - Packet loss = 0%, RTA = 0.49 ms
[1452747600] CURRENT HOST STATE: addc3;UP;HARD;1;PING OK - Packet loss = 0%, RTA = 0.58 ms
[1452747600] CURRENT HOST STATE: addc4;UP;HARD;1;PING OK - Packet loss = 0%, RTA = 0.50 ms
[1452747600] CURRENT HOST STATE: addc5;UP;HARD;1;PING OK - Packet loss = 0%, RTA = 0.47 ms
[1452747600] CURRENT HOST STATE: addc6;UP;HARD;1;PING OK - Packet loss = 0%, RTA = 0.59 ms
[1452747600] CURRENT HOST STATE: addfs01;UP;HARD;1;PING OK - Packet loss = 0%, RTA = 0.46 ms
[1452747600] CURRENT HOST STATE: adwsusclients;UP;HARD;1;PING OK - Packet loss = 0%, RTA = 0.31 ms
[1452747600] CURRENT HOST STATE: adwsusservers;UP;HARD;1;PING OK - Packet loss = 0%, RTA = 0.34 ms
[1452747600] CURRENT HOST STATE: cscfileserv;UP;HARD;1;PING OK - Packet loss = 0%, RTA = 0.26 ms
[1452747600] CURRENT HOST STATE: emu-value01;UP;HARD;1;PING OK - Packet loss = 0%, RTA = 0.40 ms
[1452747600] CURRENT HOST STATE: emuprintps;UP;HARD;1;PING OK - Packet loss = 0%, RTA = 0.36 ms
[1452747600] CURRENT HOST STATE: emuscript;UP;HARD;1;PING OK - Packet loss = 0%, RTA = 0.30 ms
[1452747600] CURRENT HOST STATE: emusqlexpress;UP;HARD;1;PING OK - Packet loss = 0%, RTA = 0.32 ms
[1452747600] CURRENT HOST STATE: hdbackups;UP;HARD;1;PING OK - Packet loss = 0%, RTA = 0.31 ms
[1452747600] CURRENT HOST STATE: images;UP;HARD;1;PING OK - Packet loss = 0%, RTA = 0.26 ms
[1452747600] CURRENT HOST STATE: lansweeper;UP;HARD;1;PING OK - Packet loss = 0%, RTA = 0.44 ms
[1452747600] CURRENT HOST STATE: localhost;UP;HARD;1;PING OK - Packet loss = 0%, RTA = 0.04 ms
[1452747600] CURRENT HOST STATE: mbam;UP;HARD;1;PING OK - Packet loss = 0%, RTA = 0.47 ms
[1452747600] CURRENT HOST STATE: mbamdb;UP;HARD;1;PING OK - Packet loss = 0%, RTA = 0.50 ms
[1452747600] CURRENT HOST STATE: netidad;UP;HARD;1;PING OK - Packet loss = 0%, RTA = 0.44 ms
[1452747600] CURRENT HOST STATE: officekms;UP;HARD;1;PING OK - Packet loss = 0%, RTA = 0.36 ms
[1452747600] CURRENT SERVICE STATE: adauthdc1;C:\ Drive Space;OK;HARD;1;c:\ - total: 49.66 Gb - used: 11.74 Gb (24%) - free 37.92 Gb (76%)
[1452747600] CURRENT SERVICE STATE: adauthdc1;CPU Load;OK;HARD;1;CPU Load 0% (5 min average)
[1452747600] CURRENT SERVICE STATE: adauthdc1;Memory Usage;OK;HARD;1;Memory usage: total:10943.64 MB - used: 1225.19 MB (11%) - free: 9718.45 MB (89%)
[1452747600] CURRENT SERVICE STATE: adauthdc1;NSClient++ Version;OK;HARD;1;NSClient++ 0.4.4.15 2015-11-25
[1452747600] CURRENT SERVICE STATE: adauthdc1;Service: AD Domain Service;OK;HARD;1;NTDS: Started
[1452747600] CURRENT SERVICE STATE: adauthdc1;Service: AD Web Service;OK;HARD;1;ADWS: Started
[1452747600] CURRENT SERVICE STATE: adauthdc1;Service: DFS Namespace;OK;HARD;1;Dfs: Started
[1452747600] CURRENT SERVICE STATE: adauthdc1;Service: DNS Client;OK;HARD;1;Dnscache: Started
[1452747600] CURRENT SERVICE STATE: adauthdc1;Service: DNS Service;OK;HARD;1;DNS: Started
[1452747600] CURRENT SERVICE STATE: adauthdc1;Service: Distributed File System Replication;OK;HARD;1;DFSR: Started
[1452747600] CURRENT SERVICE STATE: adauthdc1;Service: Firewall;OK;HARD;1;MpsSvc: Started
[1452747600] CURRENT SERVICE STATE: adauthdc1;Service: Group Policy;OK;HARD;1;gpsvc: Started
[1452747600] CURRENT SERVICE STATE: adauthdc1;Service: Intersite Messaging;OK;HARD;1;IsmServ: Started
[1452747600] CURRENT SERVICE STATE: adauthdc1;Service: Key Distribution Center;OK;HARD;1;KDC: Started
[1452747600] CURRENT SERVICE STATE: adauthdc1;Service: NetLogin;OK;HARD;1;Netlogon: Started
[1452747600] CURRENT SERVICE STATE: adauthdc1;Service: RPC;OK;HARD;1;RpcSs: Started
[1452747600] CURRENT SERVICE STATE: adauthdc1;Service: Remote Management;OK;HARD;1;WinRM: Started
[1452747600] CURRENT SERVICE STATE: adauthdc1;Service: User Profile;OK;HARD;1;ProfSvc: Started
[1452747600] CURRENT SERVICE STATE: adauthdc1;Service: VMWare Tools;OK;HARD;1;VMTools: Started
[1452747600] CURRENT SERVICE STATE: adauthdc1;Service: WMI;OK;HARD;1;Winmgmt: Started
[1452747600] CURRENT SERVICE STATE: adauthdc1;Service: Windows Time;OK;HARD;1;W32Time: Started
[1452747600] CURRENT SERVICE STATE: adauthdc1;Uptime;OK;HARD;1;System Uptime - 8 day(s) 15 hour(s) 50 minute(s)
[1452747600] CURRENT SERVICE STATE: adauthdc2;C:\ Drive Space;OK;HARD;1;c:\ - total: 49.66 Gb - used: 11.88 Gb (24%) - free 37.78 Gb (76%)
[1452747600] CURRENT SERVICE STATE: adauthdc2;CPU Load;OK;HARD;1;CPU Load 0% (5 min average)
[1452747600] CURRENT SERVICE STATE: adauthdc2;Memory Usage;OK;HARD;1;Memory usage: total:10943.64 MB - used: 1684.97 MB (15%) - free: 9258.67 MB (85%)
[1452747600] CURRENT SERVICE STATE: adauthdc2;NSClient++ Version;OK;HARD;1;NSClient++ 0.4.4.15 2015-11-25
[1452747600] CURRENT SERVICE STATE: adauthdc2;Service: AD Domain Service;OK;HARD;1;NTDS: Started
[1452747600] CURRENT SERVICE STATE: adauthdc2;Service: AD Web Service;OK;HARD;1;ADWS: Started
[1452747600] CURRENT SERVICE STATE: adauthdc2;Service: DFS Namespace;OK;HARD;1;Dfs: Started
[1452747600] CURRENT SERVICE STATE: adauthdc2;Service: DNS Client;OK;HARD;1;Dnscache: Started
[1452747600] CURRENT SERVICE STATE: adauthdc2;Service: DNS Service;OK;HARD;1;DNS: Started
[1452747600] CURRENT SERVICE STATE: adauthdc2;Service: Distributed File System Replication;OK;HARD;1;DFSR: Started
[1452747600] CURRENT SERVICE STATE: adauthdc2;Service: Firewall;OK;HARD;1;MpsSvc: Started
[1452747600] CURRENT SERVICE STATE: adauthdc2;Service: Group Policy;OK;HARD;1;gpsvc: Started
[1452747600] CURRENT SERVICE STATE: adauthdc2;Service: Intersite Messaging;OK;HARD;1;IsmServ: Started
[1452747600] CURRENT SERVICE STATE: adauthdc2;Service: Key Distribution Center;OK;HARD;1;KDC: Started
[1452747600] CURRENT SERVICE STATE: adauthdc2;Service: NetLogin;OK;HARD;1;Netlogon: Started
[1452747600] CURRENT SERVICE STATE: adauthdc2;Service: RPC;OK;HARD;1;RpcSs: Started
[1452747600] CURRENT SERVICE STATE: adauthdc2;Service: Remote Management;OK;HARD;1;WinRM: Started
[1452747600] CURRENT SERVICE STATE: adauthdc2;Service: User Profile;OK;HARD;1;ProfSvc: Started
[1452747600] CURRENT SERVICE STATE: adauthdc2;Service: VMWare Tools;OK;HARD;1;VMTools: Started
[1452747600] CURRENT SERVICE STATE: adauthdc2;Service: WMI;OK;HARD;1;Winmgmt: Started
[1452747600] CURRENT SERVICE STATE: adauthdc2;Service: Windows Time;OK;HARD;1;W32Time: Started
[1452747600] CURRENT SERVICE STATE: adauthdc2;Uptime;OK;HARD;1;System Uptime - 8 day(s) 15 hour(s) 52 minute(s)
[1452747600] CURRENT SERVICE STATE: adauthdc3;C:\ Drive Space;OK;HARD;1;c:\ - total: 49.66 Gb - used: 12.64 Gb (25%) - free 37.02 Gb (75%)
[1452747600] CURRENT SERVICE STATE: adauthdc3;CPU Load;OK;HARD;1;CPU Load 0% (5 min average)
[1452747600] CURRENT SERVICE STATE: adauthdc3;Memory Usage;OK;HARD;1;Memory usage: total:10943.64 MB - used: 1177.40 MB (11%) - free: 9766.24 MB (89%)
[1452747600] CURRENT SERVICE STATE: adauthdc3;NSClient++ Version;OK;HARD;1;NSClient++ 0.4.4.15 2015-11-25
[1452747600] CURRENT SERVICE STATE: adauthdc3;Service: AD Domain Service;OK;HARD;1;NTDS: Started
[1452747600] CURRENT SERVICE STATE: adauthdc3;Service: AD Web Service;OK;HARD;1;ADWS: Started
[1452747600] CURRENT SERVICE STATE: adauthdc3;Service: DFS Namespace;OK;HARD;1;Dfs: Started
[1452747600] CURRENT SERVICE STATE: adauthdc3;Service: DNS Client;OK;HARD;1;Dnscache: Started
[1452747600] CURRENT SERVICE STATE: adauthdc3;Service: DNS Service;OK;HARD;1;DNS: Started
[1452747600] CURRENT SERVICE STATE: adauthdc3;Service: Distributed File System Replication;OK;HARD;1;DFSR: Started
[1452747600] CURRENT SERVICE STATE: adauthdc3;Service: Firewall;OK;HARD;1;MpsSvc: Started
[1452747600] CURRENT SERVICE STATE: adauthdc3;Service: Group Policy;OK;HARD;1;gpsvc: Started
[1452747600] CURRENT SERVICE STATE: adauthdc3;Service: Intersite Messaging;OK;HARD;1;IsmServ: Started
[1452747600] CURRENT SERVICE STATE: adauthdc3;Service: Key Distribution Center;OK;HARD;1;KDC: Started
[1452747600] CURRENT SERVICE STATE: adauthdc3;Service: NetLogin;OK;HARD;1;Netlogon: Started
[1452747600] CURRENT SERVICE STATE: adauthdc3;Service: RPC;OK;HARD;1;RpcSs: Started
[1452747600] CURRENT SERVICE STATE: adauthdc3;Service: Remote Loader for IDM;OK;HARD;1;dirxml_remote.exe: Running
[1452747600] CURRENT SERVICE STATE: adauthdc3;Service: Remote Management;OK;HARD;1;WinRM: Started
[1452747600] CURRENT SERVICE STATE: adauthdc3;Service: User Profile;OK;HARD;1;ProfSvc: Started
[1452747600] CURRENT SERVICE STATE: adauthdc3;Service: VMWare Tools;OK;HARD;1;VMTools: Started
[1452747600] CURRENT SERVICE STATE: adauthdc3;Service: WMI;OK;HARD;1;Winmgmt: Started
[1452747600] CURRENT SERVICE STATE: adauthdc3;Service: Windows Time;OK;HARD;1;W32Time: Started
[1452747600] CURRENT SERVICE STATE: adauthdc3;Uptime;OK;HARD;1;System Uptime - 7 day(s) 12 hour(s) 41 minute(s)
[1452747600] CURRENT SERVICE STATE: adca1;C:\ Drive Space;OK;HARD;1;c:\ - total: 59.90 Gb - used: 30.58 Gb (51%) - free 29.32 Gb (49%)
[1452747600] CURRENT SERVICE STATE: adca1;CPU Load;OK;HARD;1;CPU Load 0% (5 min average)
[1452747600] CURRENT SERVICE STATE: adca1;Memory Usage;OK;HARD;1;Memory usage: total:7167.17 MB - used: 660.43 MB (9%) - free: 6506.74 MB (91%)
[1452747600] CURRENT SERVICE STATE: adca1;NSClient++ Version;OK;HARD;1;NSClient++ 0.4.4.15 2015-11-25
[1452747600] CURRENT SERVICE STATE: adca1;Service: DNS Client;OK;HARD;1;Dnscache: Started
[1452747600] CURRENT SERVICE STATE: adca1;Service: Firewall;OK;HARD;1;MpsSvc: Started
[1452747600] CURRENT SERVICE STATE: adca1;Service: Group Policy;OK;HARD;1;gpsvc: Started
[1452747600] CURRENT SERVICE STATE: adca1;Service: NetLogin;OK;HARD;1;Netlogon: Started
[1452747600] CURRENT SERVICE STATE: adca1;Service: RPC;OK;HARD;1;RpcSs: Started
[1452747600] CURRENT SERVICE STATE: adca1;Service: User Profile;OK;HARD;1;ProfSvc: Started
[1452747600] CURRENT SERVICE STATE: adca1;Service: WMI;OK;HARD;1;Winmgmt: Started
[1452747600] CURRENT SERVICE STATE: adca1;Service: Windows Time;OK;HARD;1;W32Time: Started
[1452747600] CURRENT SERVICE STATE: adca1;Uptime;OK;HARD;1;System Uptime - 5 day(s) 17 hour(s) 7 minute(s)
[1452747600] CURRENT SERVICE STATE: adca2;C:\ Drive Space;OK;HARD;1;c:\ - total: 63.90 Gb - used: 37.02 Gb (58%) - free 26.88 Gb (42%)
[1452747600] CURRENT SERVICE STATE: adca2;CPU Load;OK;HARD;1;CPU Load 0% (5 min average)
[1452747600] CURRENT SERVICE STATE: adca2;Memory Usage;OK;HARD;1;Memory usage: total:7167.17 MB - used: 702.42 MB (10%) - free: 6464.75 MB (90%)
[1452747600] CURRENT SERVICE STATE: adca2;NSClient++ Version;OK;HARD;1;NSClient++ 0.4.4.15 2015-11-25
[1452747600] CURRENT SERVICE STATE: adca2;Service: DNS Client;OK;HARD;1;Dnscache: Started
[1452747600] CURRENT SERVICE STATE: adca2;Service: Firewall;OK;HARD;1;MpsSvc: Started
[1452747600] CURRENT SERVICE STATE: adca2;Service: Group Policy;OK;HARD;1;gpsvc: Started
[1452747600] CURRENT SERVICE STATE: adca2;Service: NetLogin;OK;HARD;1;Netlogon: Started
[1452747600] CURRENT SERVICE STATE: adca2;Service: RPC;OK;HARD;1;RpcSs: Started
[1452747600] CURRENT SERVICE STATE: adca2;Service: User Profile;OK;HARD;1;ProfSvc: Started
[1452747600] CURRENT SERVICE STATE: adca2;Service: WMI;OK;HARD;1;Winmgmt: Started
[1452747600] CURRENT SERVICE STATE: adca2;Service: Windows Time;OK;HARD;1;W32Time: Started
[1452747600] CURRENT SERVICE STATE: adca2;Uptime;OK;HARD;1;System Uptime - 5 day(s) 17 hour(s) 7 minute(s)
[1452747600] CURRENT SERVICE STATE: addc1;C:\ Drive Space;OK;HARD;1;c:\ - total: 79.66 Gb - used: 10.97 Gb (14%) - free 68.69 Gb (86%)
[1452747600] CURRENT SERVICE STATE: addc1;CPU Load;OK;HARD;1;CPU Load 0% (5 min average)
[1452747600] CURRENT SERVICE STATE: addc1;Memory Usage;OK;HARD;1;Memory usage: total:20479.66 MB - used: 2111.06 MB (10%) - free: 18368.60 MB (90%)
[1452747600] CURRENT SERVICE STATE: addc1;NSClient++ Version;OK;HARD;1;NSClient++ 0.4.4.15 2015-11-25
[1452747600] CURRENT SERVICE STATE: addc1;Service: AD Domain Service;OK;HARD;1;NTDS: Started
[1452747600] CURRENT SERVICE STATE: addc1;Service: AD Web Service;OK;HARD;1;ADWS: Started
[1452747600] CURRENT SERVICE STATE: addc1;Service: DFS Namespace;OK;HARD;1;Dfs: Started
[1452747600] CURRENT SERVICE STATE: addc1;Service: DNS Client;OK;HARD;1;Dnscache: Started
[1452747600] CURRENT SERVICE STATE: addc1;Service: DNS Service;OK;HARD;1;DNS: Started
[1452747600] CURRENT SERVICE STATE: addc1;Service: Distributed File System Replication;OK;HARD;1;DFSR: Started
[1452747600] CURRENT SERVICE STATE: addc1;Service: Firewall;OK;HARD;1;MpsSvc: Started
[1452747600] CURRENT SERVICE STATE: addc1;Service: Group Policy;OK;HARD;1;gpsvc: Started
[1452747600] CURRENT SERVICE STATE: addc1;Service: Intersite Messaging;OK;HARD;1;IsmServ: Started
[1452747600] CURRENT SERVICE STATE: addc1;Service: Key Distribution Center;OK;HARD;1;KDC: Started
[1452747600] CURRENT SERVICE STATE: addc1;Service: NetLogin;OK;HARD;1;Netlogon: Started
[1452747600] CURRENT SERVICE STATE: addc1;Service: RPC;OK;HARD;1;RpcSs: Started
[1452747600] CURRENT SERVICE STATE: addc1;Service: Remote Management;OK;HARD;1;WinRM: Started
[1452747600] CURRENT SERVICE STATE: addc1;Service: User Profile;OK;HARD;1;ProfSvc: Started
[1452747600] CURRENT SERVICE STATE: addc1;Service: VMWare Tools;OK;HARD;1;VMTools: Started
[1452747600] CURRENT SERVICE STATE: addc1;Service: WMI;OK;HARD;1;Winmgmt: Started
[1452747600] CURRENT SERVICE STATE: addc1;Service: Windows Time;OK;HARD;1;W32Time: Started
[1452747600] CURRENT SERVICE STATE: addc1;Uptime;OK;HARD;1;System Uptime - 6 day(s) 12 hour(s) 45 minute(s)
[1452747600] CURRENT SERVICE STATE: addc2;C:\ Drive Space;OK;HARD;1;c:\ - total: 79.66 Gb - used: 10.89 Gb (14%) - free 68.76 Gb (86%)
[1452747600] CURRENT SERVICE STATE: addc2;CPU Load;OK;HARD;1;CPU Load 0% (5 min average)
[1452747600] CURRENT SERVICE STATE: addc2;Memory Usage;OK;HARD;1;Memory usage: total:20479.66 MB - used: 2332.43 MB (11%) - free: 18147.24 MB (89%)
[1452747600] CURRENT SERVICE STATE: addc2;NSClient++ Version;OK;HARD;1;NSClient++ 0,4,1,73 2012-12-17
[1452747600] CURRENT SERVICE STATE: addc2;Service: AD Domain Service;OK;HARD;1;NTDS: Started
[1452747600] CURRENT SERVICE STATE: addc2;Service: AD Web Service;OK;HARD;1;ADWS: Started
[1452747600] CURRENT SERVICE STATE: addc2;Service: DFS Namespace;OK;HARD;1;Dfs: Started
[1452747600] CURRENT SERVICE STATE: addc2;Service: DNS Client;OK;HARD;1;Dnscache: Started
[1452747600] CURRENT SERVICE STATE: addc2;Service: DNS Service;OK;HARD;1;DNS: Started
[1452747600] CURRENT SERVICE STATE: addc2;Service: Distributed File System Replication;OK;HARD;1;DFSR: Started
[1452747600] CURRENT SERVICE STATE: addc2;Service: Firewall;OK;HARD;1;MpsSvc: Started
[1452747600] CURRENT SERVICE STATE: addc2;Service: Group Policy;OK;HARD;1;gpsvc: Started
[1452747600] CURRENT SERVICE STATE: addc2;Service: Intersite Messaging;OK;HARD;1;IsmServ: Started
[1452747600] CURRENT SERVICE STATE: addc2;Service: Key Distribution Center;OK;HARD;1;KDC: Started
[1452747600] CURRENT SERVICE STATE: addc2;Service: NetLogin;OK;HARD;1;Netlogon: Started
[1452747600] CURRENT SERVICE STATE: addc2;Service: RPC;OK;HARD;1;RpcSs: Started
[1452747600] CURRENT SERVICE STATE: addc2;Service: Remote Management;OK;HARD;1;WinRM: Started
[1452747600] CURRENT SERVICE STATE: addc2;Service: User Profile;OK;HARD;1;ProfSvc: Started
[1452747600] CURRENT SERVICE STATE: addc2;Service: VMWare Tools;OK;HARD;1;VMTools: Started
[1452747600] CURRENT SERVICE STATE: addc2;Service: WMI;OK;HARD;1;Winmgmt: Started
[1452747600] CURRENT SERVICE STATE: addc2;Service: Windows Time;OK;HARD;1;W32Time: Started
[1452747600] CURRENT SERVICE STATE: addc2;Uptime;OK;HARD;1;System Uptime - 1 day(s) 13 hour(s) 58 minute(s)
[1452747600] CURRENT SERVICE STATE: addc3;C:\ Drive Space;OK;HARD;1;c:\ - total: 79.66 Gb - used: 10.59 Gb (13%) - free 69.06 Gb (87%)
[1452747600] CURRENT SERVICE STATE: addc3;CPU Load;OK;HARD;1;CPU Load 0% (5 min average)
[1452747600] CURRENT SERVICE STATE: addc3;Memory Usage;OK;HARD;1;Memory usage: total:20479.66 MB - used: 1997.52 MB (10%) - free: 18482.14 MB (90%)
[1452747600] CURRENT SERVICE STATE: addc3;NSClient++ Version;OK;HARD;1;NSClient++ 0.4.4.15 2015-11-25
[1452747600] CURRENT SERVICE STATE: addc3;Service: AD Domain Service;OK;HARD;1;NTDS: Started
[1452747600] CURRENT SERVICE STATE: addc3;Service: AD Web Service;OK;HARD;1;ADWS: Started
[1452747600] CURRENT SERVICE STATE: addc3;Service: DFS Namespace;OK;HARD;1;Dfs: Started
[1452747600] CURRENT SERVICE STATE: addc3;Service: DNS Client;OK;HARD;1;Dnscache: Started
[1452747600] CURRENT SERVICE STATE: addc3;Service: DNS Service;OK;HARD;1;DNS: Started
[1452747600] CURRENT SERVICE STATE: addc3;Service: Distributed File System Replication;OK;HARD;1;DFSR: Started
[1452747600] CURRENT SERVICE STATE: addc3;Service: Firewall;OK;HARD;1;MpsSvc: Started
[1452747600] CURRENT SERVICE STATE: addc3;Service: Group Policy;OK;HARD;1;gpsvc: Started
[1452747600] CURRENT SERVICE STATE: addc3;Service: Intersite Messaging;OK;HARD;1;IsmServ: Started
[1452747600] CURRENT SERVICE STATE: addc3;Service: Key Distribution Center;OK;HARD;1;KDC: Started
[1452747600] CURRENT SERVICE STATE: addc3;Service: NetLogin;OK;HARD;1;Netlogon: Started
[1452747600] CURRENT SERVICE STATE: addc3;Service: RPC;OK;HARD;1;RpcSs: Started
[1452747600] CURRENT SERVICE STATE: addc3;Service: Remote Management;OK;HARD;1;WinRM: Started
[1452747600] CURRENT SERVICE STATE: addc3;Service: User Profile;OK;HARD;1;ProfSvc: Started
[1452747600] CURRENT SERVICE STATE: addc3;Service: VMWare Tools;OK;HARD;1;VMTools: Started
[1452747600] CURRENT SERVICE STATE: addc3;Service: WMI;OK;HARD;1;Winmgmt: Started
[1452747600] CURRENT SERVICE STATE: addc3;Service: Windows Time;OK;HARD;1;W32Time: Started
[1452747600] CURRENT SERVICE STATE: addc3;Uptime;OK;HARD;1;System Uptime - 8 day(s) 15 hour(s) 6 minute(s)
[1452747600] CURRENT SERVICE STATE: addc4;C:\ Drive Space;OK;HARD;1;c:\ - total: 79.66 Gb - used: 10.84 Gb (14%) - free 68.81 Gb (86%)
[1452747600] CURRENT SERVICE STATE: addc4;CPU Load;OK;HARD;1;CPU Load 0% (5 min average)
[1452747600] CURRENT SERVICE STATE: addc4;Memory Usage;OK;HARD;1;Memory usage: total:20479.66 MB - used: 2308.91 MB (11%) - free: 18170.75 MB (89%)
[1452747600] CURRENT SERVICE STATE: addc4;NSClient++ Version;OK;HARD;1;NSClient++ 0.4.4.15 2015-11-25
[1452747600] CURRENT SERVICE STATE: addc4;Service: AD Domain Service;OK;HARD;1;NTDS: Started
[1452747600] CURRENT SERVICE STATE: addc4;Service: AD Web Service;OK;HARD;1;ADWS: Started
[1452747600] CURRENT SERVICE STATE: addc4;Service: DFS Namespace;OK;HARD;1;Dfs: Started
[1452747600] CURRENT SERVICE STATE: addc4;Service: DNS Client;OK;HARD;1;Dnscache: Started
[1452747600] CURRENT SERVICE STATE: addc4;Service: DNS Service;OK;HARD;1;DNS: Started
[1452747600] CURRENT SERVICE STATE: addc4;Service: Distributed File System Replication;OK;HARD;1;DFSR: Started
[1452747600] CURRENT SERVICE STATE: addc4;Service: Firewall;OK;HARD;1;MpsSvc: Started
[1452747600] CURRENT SERVICE STATE: addc4;Service: Group Policy;OK;HARD;1;gpsvc: Started
[1452747600] CURRENT SERVICE STATE: addc4;Service: Intersite Messaging;OK;HARD;1;IsmServ: Started
[1452747600] CURRENT SERVICE STATE: addc4;Service: Key Distribution Center;OK;HARD;1;KDC: Started
[1452747600] CURRENT SERVICE STATE: addc4;Service: NetLogin;OK;HARD;1;Netlogon: Started
[1452747600] CURRENT SERVICE STATE: addc4;Service: RPC;OK;HARD;1;RpcSs: Started
[1452747600] CURRENT SERVICE STATE: addc4;Service: Remote Management;OK;HARD;1;WinRM: Started
[1452747600] CURRENT SERVICE STATE: addc4;Service: User Profile;OK;HARD;1;ProfSvc: Started
[1452747600] CURRENT SERVICE STATE: addc4;Service: VMWare Tools;OK;HARD;1;VMTools: Started
[1452747600] CURRENT SERVICE STATE: addc4;Service: WMI;OK;HARD;1;Winmgmt: Started
[1452747600] CURRENT SERVICE STATE: addc4;Service: Windows Time;OK;HARD;1;W32Time: Started
[1452747600] CURRENT SERVICE STATE: addc4;Uptime;OK;HARD;1;System Uptime - 8 day(s) 14 hour(s) 38 minute(s)
[1452747600] CURRENT SERVICE STATE: addc5;C:\ Drive Space;OK;HARD;1;c:\ - total: 79.66 Gb - used: 10.86 Gb (14%) - free 68.79 Gb (86%)
[1452747600] CURRENT SERVICE STATE: addc5;CPU Load;OK;HARD;1;CPU Load 0% (5 min average)
[1452747600] CURRENT SERVICE STATE: addc5;Memory Usage;OK;HARD;1;Memory usage: total:20479.66 MB - used: 2134.52 MB (10%) - free: 18345.15 MB (90%)
[1452747600] CURRENT SERVICE STATE: addc5;NSClient++ Version;OK;HARD;1;NSClient++ 0.4.4.15 2015-11-25
[1452747600] CURRENT SERVICE STATE: addc5;Service: AD Domain Service;OK;HARD;1;NTDS: Started
[1452747600] CURRENT SERVICE STATE: addc5;Service: AD Web Service;OK;HARD;1;ADWS: Started
[1452747600] CURRENT SERVICE STATE: addc5;Service: DFS Namespace;OK;HARD;1;Dfs: Started
[1452747600] CURRENT SERVICE STATE: addc5;Service: DNS Client;OK;HARD;1;Dnscache: Started
[1452747600] CURRENT SERVICE STATE: addc5;Service: DNS Service;OK;HARD;1;DNS: Started
[1452747600] CURRENT SERVICE STATE: addc5;Service: Distributed File System Replication;OK;HARD;1;DFSR: Started
[1452747600] CURRENT SERVICE STATE: addc5;Service: Firewall;OK;HARD;1;MpsSvc: Started
[1452747600] CURRENT SERVICE STATE: addc5;Service: Group Policy;OK;HARD;1;gpsvc: Started
[1452747600] CURRENT SERVICE STATE: addc5;Service: Intersite Messaging;OK;HARD;1;IsmServ: Started
[1452747600] CURRENT SERVICE STATE: addc5;Service: Key Distribution Center;OK;HARD;1;KDC: Started
[1452747600] CURRENT SERVICE STATE: addc5;Service: NetLogin;OK;HARD;1;Netlogon: Started
[1452747600] CURRENT SERVICE STATE: addc5;Service: RPC;OK;HARD;1;RpcSs: Started
[1452747600] CURRENT SERVICE STATE: addc5;Service: Remote Management;OK;HARD;1;WinRM: Started
[1452747600] CURRENT SERVICE STATE: addc5;Service: User Profile;OK;HARD;1;ProfSvc: Started
[1452747600] CURRENT SERVICE STATE: addc5;Service: VMWare Tools;OK;HARD;1;VMTools: Started
[1452747600] CURRENT SERVICE STATE: addc5;Service: WMI;OK;HARD;1;Winmgmt: Started
[1452747600] CURRENT SERVICE STATE: addc5;Service: Windows Time;OK;HARD;1;W32Time: Started
[1452747600] CURRENT SERVICE STATE: addc5;Uptime;OK;HARD;1;System Uptime - 8 day(s) 12 hour(s) 25 minute(s)
[1452747600] CURRENT SERVICE STATE: addc6;C:\ Drive Space;OK;HARD;1;c:\ - total: 79.66 Gb - used: 13.07 Gb (16%) - free 66.58 Gb (84%)
[1452747600] CURRENT SERVICE STATE: addc6;CPU Load;OK;HARD;1;CPU Load 1% (5 min average)
[1452747600] CURRENT SERVICE STATE: addc6;Memory Usage;OK;HARD;1;Memory usage: total:20479.66 MB - used: 2364.20 MB (12%) - free: 18115.47 MB (88%)
[1452747600] CURRENT SERVICE STATE: addc6;NSClient++ Version;OK;HARD;1;NSClient++ 0.4.4.15 2015-11-25
[1452747600] CURRENT SERVICE STATE: addc6;Service: AD Domain Service;OK;HARD;1;NTDS: Started
[1452747600] CURRENT SERVICE STATE: addc6;Service: AD Web Service;OK;HARD;1;ADWS: Started
[1452747600] CURRENT SERVICE STATE: addc6;Service: DFS Namespace;OK;HARD;1;Dfs: Started
[1452747600] CURRENT SERVICE STATE: addc6;Service: DNS Client;OK;HARD;1;Dnscache: Started
[1452747600] CURRENT SERVICE STATE: addc6;Service: DNS Service;OK;HARD;1;DNS: Started
[1452747600] CURRENT SERVICE STATE: addc6;Service: Distributed File System Replication;OK;HARD;1;DFSR: Started
[1452747600] CURRENT SERVICE STATE: addc6;Service: Firewall;OK;HARD;1;MpsSvc: Started
[1452747600] CURRENT SERVICE STATE: addc6;Service: Group Policy;OK;HARD;1;gpsvc: Started
[1452747600] CURRENT SERVICE STATE: addc6;Service: Intersite Messaging;OK;HARD;1;IsmServ: Started
[1452747600] CURRENT SERVICE STATE: addc6;Service: Key Distribution Center;OK;HARD;1;KDC: Started
[1452747600] CURRENT SERVICE STATE: addc6;Service: NetLogin;OK;HARD;1;Netlogon: Started
[1452747600] CURRENT SERVICE STATE: addc6;Service: RPC;OK;HARD;1;RpcSs: Started
[1452747600] CURRENT SERVICE STATE: addc6;Service: Remote Loader for IDM;OK;HARD;1;dirxml_remote.exe: Running
[1452747600] CURRENT SERVICE STATE: addc6;Service: Remote Management;OK;HARD;1;WinRM: Started
[1452747600] CURRENT SERVICE STATE: addc6;Service: User Profile;OK;HARD;1;ProfSvc: Started
[1452747600] CURRENT SERVICE STATE: addc6;Service: VMWare Tools;OK;HARD;1;VMTools: Started
[1452747600] CURRENT SERVICE STATE: addc6;Service: WMI;OK;HARD;1;Winmgmt: Started
[1452747600] CURRENT SERVICE STATE: addc6;Service: Windows Time;OK;HARD;1;W32Time: Started
[1452747600] CURRENT SERVICE STATE: addc6;Uptime;OK;HARD;1;System Uptime - 6 day(s) 11 hour(s) 47 minute(s)
[1452747600] CURRENT SERVICE STATE: addfs01;C:\ Drive Space;OK;HARD;1;c:\ - total: 79.66 Gb - used: 13.32 Gb (17%) - free 66.34 Gb (83%)
[1452747600] CURRENT SERVICE STATE: addfs01;CPU Load;OK;HARD;1;CPU Load 0% (5 min average)
[1452747600] CURRENT SERVICE STATE: addfs01;Memory Usage;OK;HARD;1;Memory usage: total:10943.64 MB - used: 1445.68 MB (13%) - free: 9497.96 MB (87%)
[1452747600] CURRENT SERVICE STATE: addfs01;NSClient++ Version;OK;HARD;1;NSClient++ 0.4.4.15 2015-11-25
[1452747600] CURRENT SERVICE STATE: addfs01;Service: DNS Client;OK;HARD;1;Dnscache: Started
[1452747600] CURRENT SERVICE STATE: addfs01;Service: Firewall;OK;HARD;1;MpsSvc: Started
[1452747600] CURRENT SERVICE STATE: addfs01;Service: Group Policy;OK;HARD;1;gpsvc: Started
[1452747600] CURRENT SERVICE STATE: addfs01;Service: NetLogin;OK;HARD;1;Netlogon: Started
[1452747600] CURRENT SERVICE STATE: addfs01;Service: RPC;OK;HARD;1;RpcSs: Started
[1452747600] CURRENT SERVICE STATE: addfs01;Service: User Profile;OK;HARD;1;ProfSvc: Started
[1452747600] CURRENT SERVICE STATE: addfs01;Service: WMI;OK;HARD;1;Winmgmt: Started
[1452747600] CURRENT SERVICE STATE: addfs01;Service: Windows Time;OK;HARD;1;W32Time: Started
[1452747600] CURRENT SERVICE STATE: addfs01;Uptime;OK;HARD;1;System Uptime - 26 day(s) 0 hour(s) 56 minute(s)
[1452747600] CURRENT SERVICE STATE: adwsusclients;C:\ Drive Space;OK;HARD;1;c:\ - total: 79.66 Gb - used: 20.33 Gb (26%) - free 59.33 Gb (74%)
[1452747600] CURRENT SERVICE STATE: adwsusclients;CPU Load;OK;HARD;1;CPU Load 3% (5 min average)
[1452747600] CURRENT SERVICE STATE: adwsusclients;Memory Usage;OK;HARD;1;Memory usage: total:10239.58 MB - used: 1751.84 MB (17%) - free: 8487.74 MB (83%)
[1452747600] CURRENT SERVICE STATE: adwsusclients;NSClient++ Version;OK;HARD;1;NSClient++ 0,4,1,73 2012-12-17
[1452747600] CURRENT SERVICE STATE: adwsusclients;Service: DNS Client;OK;HARD;1;Dnscache: Started
[1452747600] CURRENT SERVICE STATE: adwsusclients;Service: Firewall;OK;HARD;1;MpsSvc: Started
[1452747600] CURRENT SERVICE STATE: adwsusclients;Service: Group Policy;OK;HARD;1;gpsvc: Started
[1452747600] CURRENT SERVICE STATE: adwsusclients;Service: NetLogin;OK;HARD;1;Netlogon: Started
[1452747600] CURRENT SERVICE STATE: adwsusclients;Service: RPC;OK;HARD;1;RpcSs: Started
[1452747600] CURRENT SERVICE STATE: adwsusclients;Service: User Profile;OK;HARD;1;ProfSvc: Started
[1452747600] CURRENT SERVICE STATE: adwsusclients;Service: WMI;OK;HARD;1;Winmgmt: Started
[1452747600] CURRENT SERVICE STATE: adwsusclients;Service: Windows Time;OK;HARD;1;W32Time: Started
[1452747600] CURRENT SERVICE STATE: adwsusclients;Uptime;OK;HARD;1;System Uptime - 0 day(s) 15 hour(s) 57 minute(s)
[1452747600] CURRENT SERVICE STATE: adwsusservers;C:\ Drive Space;OK;HARD;1;c:\ - total: 79.66 Gb - used: 19.57 Gb (25%) - free 60.09 Gb (75%)
[1452747600] CURRENT SERVICE STATE: adwsusservers;CPU Load;OK;HARD;1;CPU Load 3% (5 min average)
[1452747600] CURRENT SERVICE STATE: adwsusservers;Memory Usage;OK;HARD;1;Memory usage: total:10239.58 MB - used: 2445.74 MB (24%) - free: 7793.84 MB (76%)
[1452747600] CURRENT SERVICE STATE: adwsusservers;NSClient++ Version;OK;HARD;1;NSClient++ 0,4,1,73 2012-12-17
[1452747600] CURRENT SERVICE STATE: adwsusservers;Service: DNS Client;OK;HARD;1;Dnscache: Started
[1452747600] CURRENT SERVICE STATE: adwsusservers;Service: Firewall;OK;HARD;1;MpsSvc: Started
[1452747600] CURRENT SERVICE STATE: adwsusservers;Service: Group Policy;OK;HARD;1;gpsvc: Started
[1452747600] CURRENT SERVICE STATE: adwsusservers;Service: NetLogin;OK;HARD;1;Netlogon: Started
[1452747600] CURRENT SERVICE STATE: adwsusservers;Service: RPC;OK;HARD;1;RpcSs: Started
[1452747600] CURRENT SERVICE STATE: adwsusservers;Service: User Profile;OK;HARD;1;ProfSvc: Started
[1452747600] CURRENT SERVICE STATE: adwsusservers;Service: WMI;OK;HARD;1;Winmgmt: Started
[1452747600] CURRENT SERVICE STATE: adwsusservers;Service: Windows Time;OK;HARD;1;W32Time: Started
[1452747600] CURRENT SERVICE STATE: adwsusservers;Uptime;OK;HARD;1;System Uptime - 0 day(s) 16 hour(s) 11 minute(s)
[1452747600] CURRENT SERVICE STATE: cscfileserv;C:\ Drive Space;OK;HARD;1;c:\ - total: 58.50 Gb - used: 22.36 Gb (38%) - free 36.13 Gb (62%)
[1452747600] CURRENT SERVICE STATE: cscfileserv;CPU Load;OK;HARD;1;CPU Load 0% (5 min average)
[1452747600] CURRENT SERVICE STATE: cscfileserv;Memory Usage;OK;HARD;1;Memory usage: total:8188.82 MB - used: 734.37 MB (9%) - free: 7454.45 MB (91%)
[1452747600] CURRENT SERVICE STATE: cscfileserv;NSClient++ Version;OK;HARD;1;NSClient++ 0.4.4.15 2015-11-25
[1452747600] CURRENT SERVICE STATE: cscfileserv;Service: DNS Client;OK;HARD;1;Dnscache: Started
[1452747600] CURRENT SERVICE STATE: cscfileserv;Service: Firewall;OK;HARD;1;MpsSvc: Started
[1452747600] CURRENT SERVICE STATE: cscfileserv;Service: Group Policy;OK;HARD;1;gpsvc: Started
[1452747600] CURRENT SERVICE STATE: cscfileserv;Service: NetLogin;OK;HARD;1;Netlogon: Started
[1452747600] CURRENT SERVICE STATE: cscfileserv;Service: RPC;OK;HARD;1;RpcSs: Started
[1452747600] CURRENT SERVICE STATE: cscfileserv;Service: User Profile;OK;HARD;1;ProfSvc: Started
[1452747600] CURRENT SERVICE STATE: cscfileserv;Service: WMI;OK;HARD;1;Winmgmt: Started
[1452747600] CURRENT SERVICE STATE: cscfileserv;Service: Windows Time;OK;HARD;1;W32Time: Started
[1452747600] CURRENT SERVICE STATE: cscfileserv;Uptime;OK;HARD;1;System Uptime - 4 day(s) 20 hour(s) 34 minute(s)
[1452747600] CURRENT SERVICE STATE: emu-value01;C:\ Drive Space;OK;HARD;1;c:\ - total: 465.42 Gb - used: 14.37 Gb (3%) - free 451.04 Gb (97%)
[1452747600] CURRENT SERVICE STATE: emu-value01;CPU Load;OK;HARD;1;CPU Load 0% (5 min average)
[1452747600] CURRENT SERVICE STATE: emu-value01;Memory Usage;OK;HARD;1;Memory usage: total:9444.43 MB - used: 2605.88 MB (28%) - free: 6838.55 MB (72%)
[1452747600] CURRENT SERVICE STATE: emu-value01;NSClient++ Version;OK;HARD;1;NSClient++ 0.4.4.15 2015-11-25
[1452747600] CURRENT SERVICE STATE: emu-value01;Service: DNS Client;OK;HARD;1;Dnscache: Started
[1452747600] CURRENT SERVICE STATE: emu-value01;Service: Firewall;OK;HARD;1;MpsSvc: Started
[1452747600] CURRENT SERVICE STATE: emu-value01;Service: Group Policy;OK;HARD;1;gpsvc: Started
[1452747600] CURRENT SERVICE STATE: emu-value01;Service: NetLogin;OK;HARD;1;Netlogon: Started
[1452747600] CURRENT SERVICE STATE: emu-value01;Service: RPC;OK;HARD;1;RpcSs: Started
[1452747600] CURRENT SERVICE STATE: emu-value01;Service: User Profile;OK;HARD;1;ProfSvc: Started
[1452747600] CURRENT SERVICE STATE: emu-value01;Service: WMI;OK;HARD;1;Winmgmt: Started
[1452747600] CURRENT SERVICE STATE: emu-value01;Service: Windows Time;OK;HARD;1;W32Time: Started
[1452747600] CURRENT SERVICE STATE: emu-value01;Uptime;OK;HARD;1;System Uptime - 26 day(s) 0 hour(s) 32 minute(s)
[1452747600] CURRENT SERVICE STATE: emuprintps;C:\ Drive Space;OK;HARD;1;c:\ - total: 44.66 Gb - used: 16.81 Gb (38%) - free 27.84 Gb (62%)
[1452747600] CURRENT SERVICE STATE: emuprintps;CPU Load;OK;HARD;1;CPU Load 1% (5 min average)
[1452747600] CURRENT SERVICE STATE: emuprintps;Memory Usage;OK;HARD;1;Memory usage: total:10943.64 MB - used: 1358.94 MB (12%) - free: 9584.71 MB (88%)
[1452747600] CURRENT SERVICE STATE: emuprintps;NSClient++ Version;OK;HARD;1;NSClient++ 0.4.4.15 2015-11-25
[1452747600] CURRENT SERVICE STATE: emuprintps;Service: DNS Client;OK;HARD;1;Dnscache: Started
[1452747600] CURRENT SERVICE STATE: emuprintps;Service: Firewall;OK;HARD;1;MpsSvc: Started
[1452747600] CURRENT SERVICE STATE: emuprintps;Service: Group Policy;OK;HARD;1;gpsvc: Started
[1452747600] CURRENT SERVICE STATE: emuprintps;Service: NetLogin;OK;HARD;1;Netlogon: Started
[1452747600] CURRENT SERVICE STATE: emuprintps;Service: RPC;OK;HARD;1;RpcSs: Started
[1452747600] CURRENT SERVICE STATE: emuprintps;Service: User Profile;OK;HARD;1;ProfSvc: Started
[1452747600] CURRENT SERVICE STATE: emuprintps;Service: WMI;OK;HARD;1;Winmgmt: Started
[1452747600] CURRENT SERVICE STATE: emuprintps;Service: Windows Time;OK;HARD;1;W32Time: Started
[1452747600] CURRENT SERVICE STATE: emuprintps;Uptime;OK;HARD;1;System Uptime - 9 day(s) 9 hour(s) 50 minute(s)
[1452747600] CURRENT SERVICE STATE: emuscript;C:\ Drive Space;OK;HARD;1;c:\ - total: 79.66 Gb - used: 15.85 Gb (20%) - free 63.81 Gb (80%)
[1452747600] CURRENT SERVICE STATE: emuscript;CPU Load;OK;HARD;1;CPU Load 0% (5 min average)
[1452747600] CURRENT SERVICE STATE: emuscript;Memory Usage;OK;HARD;1;Memory usage: total:10943.64 MB - used: 1559.22 MB (14%) - free: 9384.43 MB (86%)
[1452747600] CURRENT SERVICE STATE: emuscript;NSClient++ Version;OK;HARD;1;NSClient++ 0,4,1,73 2012-12-17
[1452747600] CURRENT SERVICE STATE: emuscript;Service: DNS Client;OK;HARD;1;Dnscache: Started
[1452747600] CURRENT SERVICE STATE: emuscript;Service: Firewall;OK;HARD;1;MpsSvc: Started
[1452747600] CURRENT SERVICE STATE: emuscript;Service: Group Policy;OK;HARD;1;gpsvc: Started
[1452747600] CURRENT SERVICE STATE: emuscript;Service: NetLogin;OK;HARD;1;Netlogon: Started
[1452747600] CURRENT SERVICE STATE: emuscript;Service: RPC;OK;HARD;1;RpcSs: Started
[1452747600] CURRENT SERVICE STATE: emuscript;Service: User Profile;OK;HARD;1;ProfSvc: Started
[1452747600] CURRENT SERVICE STATE: emuscript;Service: WMI;OK;HARD;1;Winmgmt: Started
[1452747600] CURRENT SERVICE STATE: emuscript;Service: Windows Time;OK;HARD;1;W32Time: Started
[1452747600] CURRENT SERVICE STATE: emuscript;Uptime;OK;HARD;1;System Uptime - 9 day(s) 8 hour(s) 36 minute(s)
[1452747600] CURRENT SERVICE STATE: emusqlexpress;C:\ Drive Space;OK;HARD;1;c:\ - total: 79.66 Gb - used: 24.41 Gb (31%) - free 55.25 Gb (69%)
[1452747600] CURRENT SERVICE STATE: emusqlexpress;CPU Load;OK;HARD;1;CPU Load 1% (5 min average)
[1452747600] CURRENT SERVICE STATE: emusqlexpress;Memory Usage;OK;HARD;1;Memory usage: total:10943.64 MB - used: 1813.87 MB (17%) - free: 9129.77 MB (83%)
[1452747600] CURRENT SERVICE STATE: emusqlexpress;NSClient++ Version;OK;HARD;1;NSClient++ 0.4.4.15 2015-11-25
[1452747600] CURRENT SERVICE STATE: emusqlexpress;Service: DNS Client;OK;HARD;1;Dnscache: Started
[1452747600] CURRENT SERVICE STATE: emusqlexpress;Service: Firewall;OK;HARD;1;MpsSvc: Started
[1452747600] CURRENT SERVICE STATE: emusqlexpress;Service: Group Policy;OK;HARD;1;gpsvc: Started
[1452747600] CURRENT SERVICE STATE: emusqlexpress;Service: MSSQL Express;OK;HARD;1;sqlservr.exe: Running
[1452747600] CURRENT SERVICE STATE: emusqlexpress;Service: NetLogin;OK;HARD;1;Netlogon: Started
[1452747600] CURRENT SERVICE STATE: emusqlexpress;Service: RPC;OK;HARD;1;RpcSs: Started
[1452747600] CURRENT SERVICE STATE: emusqlexpress;Service: User Profile;OK;HARD;1;ProfSvc: Started
[1452747600] CURRENT SERVICE STATE: emusqlexpress;Service: WMI;OK;HARD;1;Winmgmt: Started
[1452747600] CURRENT SERVICE STATE: emusqlexpress;Service: Windows Time;OK;HARD;1;W32Time: Started
[1452747600] CURRENT SERVICE STATE: emusqlexpress;Uptime;OK;HARD;1;System Uptime - 0 day(s) 0 hour(s) 41 minute(s)
[1452747600] CURRENT SERVICE STATE: hdbackups;C:\ Drive Space;OK;HARD;1;c:\ - total: 409.26 Gb - used: 141.21 Gb (35%) - free 268.05 Gb (65%)
[1452747600] CURRENT SERVICE STATE: hdbackups;CPU Load;OK;HARD;1;CPU Load 0% (5 min average)
[1452747600] CURRENT SERVICE STATE: hdbackups;F:\ Drive Space;OK;HARD;1;f:\ - total: 3315.22 Gb - used: 2564.03 Gb (77%) - free 751.20 Gb (23%)
[1452747600] CURRENT SERVICE STATE: hdbackups;Memory Usage;OK;HARD;1;Memory usage: total:37532.83 MB - used: 3238.88 MB (9%) - free: 34293.95 MB (91%)
[1452747600] CURRENT SERVICE STATE: hdbackups;NSClient++ Version;OK;HARD;1;NSClient++ 0.4.4.15 2015-11-25
[1452747600] CURRENT SERVICE STATE: hdbackups;Service: DNS Client;OK;HARD;1;Dnscache: Started
[1452747600] CURRENT SERVICE STATE: hdbackups;Service: Firewall;OK;HARD;1;MpsSvc: Started
[1452747600] CURRENT SERVICE STATE: hdbackups;Service: Group Policy;OK;HARD;1;gpsvc: Started
[1452747600] CURRENT SERVICE STATE: hdbackups;Service: NetLogin;OK;HARD;1;Netlogon: Started
[1452747600] CURRENT SERVICE STATE: hdbackups;Service: RPC;OK;HARD;1;RpcSs: Started
[1452747600] CURRENT SERVICE STATE: hdbackups;Service: User Profile;OK;HARD;1;ProfSvc: Started
[1452747600] CURRENT SERVICE STATE: hdbackups;Service: WMI;OK;HARD;1;Winmgmt: Started
[1452747600] CURRENT SERVICE STATE: hdbackups;Service: Windows Time;OK;HARD;1;W32Time: Started
[1452747600] CURRENT SERVICE STATE: hdbackups;Uptime;OK;HARD;1;System Uptime - 21 day(s) 15 hour(s) 59 minute(s)
[1452747600] CURRENT SERVICE STATE: images;C:\ Drive Space;OK;HARD;1;c:\ - total: 1841.16 Gb - used: 979.55 Gb (53%) - free 861.61 Gb (47%)
[1452747600] CURRENT SERVICE STATE: images;CPU Load;OK;HARD;1;CPU Load 1% (5 min average)
[1452747600] CURRENT SERVICE STATE: images;Memory Usage;OK;HARD;1;Memory usage: total:37074.86 MB - used: 2005.16 MB (5%) - free: 35069.70 MB (95%)
[1452747600] CURRENT SERVICE STATE: images;NSClient++ Version;OK;HARD;1;NSClient++ 0.4.4.15 2015-11-25
[1452747600] CURRENT SERVICE STATE: images;Service: DNS Client;OK;HARD;1;Dnscache: Started
[1452747600] CURRENT SERVICE STATE: images;Service: Firewall;OK;HARD;1;MpsSvc: Started
[1452747600] CURRENT SERVICE STATE: images;Service: Group Policy;OK;HARD;1;gpsvc: Started
[1452747600] CURRENT SERVICE STATE: images;Service: MDT Monitor;OK;HARD;1;MDT_Monitor: Started
[1452747600] CURRENT SERVICE STATE: images;Service: NetLogin;OK;HARD;1;Netlogon: Started
[1452747600] CURRENT SERVICE STATE: images;Service: PXE Boot;OK;HARD;1;WDSServer: Started
[1452747600] CURRENT SERVICE STATE: images;Service: Print Spooler;OK;HARD;1;Spooler: Started
[1452747600] CURRENT SERVICE STATE: images;Service: RPC;OK;HARD;1;RpcSs: Started
[1452747600] CURRENT SERVICE STATE: images;Service: User Profile;OK;HARD;1;ProfSvc: Started
[1452747600] CURRENT SERVICE STATE: images;Service: WMI;OK;HARD;1;Winmgmt: Started
[1452747600] CURRENT SERVICE STATE: images;Service: Windows Time;OK;HARD;1;W32Time: Started
[1452747600] CURRENT SERVICE STATE: images;Uptime;OK;HARD;1;System Uptime - 5 day(s) 11 hour(s) 40 minute(s)
[1452747600] CURRENT SERVICE STATE: lansweeper;C:\ Drive Space;OK;HARD;1;c:\ - total: 49.48 Gb - used: 28.01 Gb (57%) - free 21.47 Gb (43%)
[1452747600] CURRENT SERVICE STATE: lansweeper;CPU Load;OK;HARD;1;CPU Load 0% (5 min average)
[1452747600] CURRENT SERVICE STATE: lansweeper;Memory Usage;OK;HARD;1;Memory usage: total:10943.15 MB - used: 2005.77 MB (18%) - free: 8937.38 MB (82%)
[1452747600] CURRENT SERVICE STATE: lansweeper;NSClient++ Version;OK;HARD;1;NSClient++ 0.5.0.19 2015-12-10
[1452747600] CURRENT SERVICE STATE: lansweeper;Service: DNS Client;OK;HARD;1;Dnscache: Started
[1452747600] CURRENT SERVICE STATE: lansweeper;Service: Firewall;OK;HARD;1;MpsSvc: Started
[1452747600] CURRENT SERVICE STATE: lansweeper;Service: Group Policy;OK;HARD;1;gpsvc: Started
[1452747600] CURRENT SERVICE STATE: lansweeper;Service: MSSQL Express;OK;HARD;1;sqlservr.exe: Running
[1452747600] CURRENT SERVICE STATE: lansweeper;Service: NetLogin;OK;HARD;1;Netlogon: Started
[1452747600] CURRENT SERVICE STATE: lansweeper;Service: RPC;OK;HARD;1;RpcSs: Started
[1452747600] CURRENT SERVICE STATE: lansweeper;Service: User Profile;OK;HARD;1;ProfSvc: Started
[1452747600] CURRENT SERVICE STATE: lansweeper;Service: WMI;OK;HARD;1;Winmgmt: Started
[1452747600] CURRENT SERVICE STATE: lansweeper;Service: Windows Time;OK;HARD;1;W32Time: Started
[1452747600] CURRENT SERVICE STATE: lansweeper;Uptime;OK;HARD;1;System Uptime - 8 day(s) 15 hour(s) 51 minute(s)
[1452747600] CURRENT SERVICE STATE: localhost;Current Users;OK;HARD;1;USERS OK - 0 users currently logged in
[1452747600] CURRENT SERVICE STATE: localhost;PING;OK;HARD;1;PING OK - Packet loss = 0%, RTA = 0.04 ms
[1452747600] CURRENT SERVICE STATE: localhost;Root Partition;OK;HARD;1;DISK OK - free space: / 69299 MB (92% inode=95%):
[1452747600] CURRENT SERVICE STATE: localhost;SSH;OK;HARD;1;SSH OK - OpenSSH_6.6.1 (protocol 2.0)
[1452747600] CURRENT SERVICE STATE: localhost;Swap Usage;OK;HARD;1;SWAP OK - 100% free (2053 MB out of 2053 MB)
[1452747600] CURRENT SERVICE STATE: localhost;Total Processes;OK;HARD;1;PROCS OK: 49 processes with STATE = RSZDT
[1452747600] CURRENT SERVICE STATE: mbam;C:\ Drive Space;OK;HARD;1;c:\ - total: 59.90 Gb - used: 32.43 Gb (54%) - free 27.47 Gb (46%)
[1452747600] CURRENT SERVICE STATE: mbam;CPU Load;OK;HARD;1;CPU Load 0% (5 min average)
[1452747600] CURRENT SERVICE STATE: mbam;Memory Usage;OK;HARD;1;Memory usage: total:14333.44 MB - used: 789.89 MB (6%) - free: 13543.55 MB (94%)
[1452747600] CURRENT SERVICE STATE: mbam;NSClient++ Version;OK;HARD;1;NSClient++ 0.4.4.15 2015-11-25
[1452747600] CURRENT SERVICE STATE: mbam;Service: DNS Client;OK;HARD;1;Dnscache: Started
[1452747600] CURRENT SERVICE STATE: mbam;Service: Firewall;OK;HARD;1;MpsSvc: Started
[1452747600] CURRENT SERVICE STATE: mbam;Service: Group Policy;OK;HARD;1;gpsvc: Started
[1452747600] CURRENT SERVICE STATE: mbam;Service: NetLogin;OK;HARD;1;Netlogon: Started
[1452747600] CURRENT SERVICE STATE: mbam;Service: RPC;OK;HARD;1;RpcSs: Started
[1452747600] CURRENT SERVICE STATE: mbam;Service: User Profile;OK;HARD;1;ProfSvc: Started
[1452747600] CURRENT SERVICE STATE: mbam;Service: WMI;OK;HARD;1;Winmgmt: Started
[1452747600] CURRENT SERVICE STATE: mbam;Service: Windows Time;OK;HARD;1;W32Time: Started
[1452747600] CURRENT SERVICE STATE: mbam;Uptime;OK;HARD;1;System Uptime - 0 day(s) 0 hour(s) 39 minute(s)
[1452747600] CURRENT SERVICE STATE: mbamdb;C:\ Drive Space;OK;HARD;1;c:\ - total: 119.90 Gb - used: 39.90 Gb (33%) - free 80.00 Gb (67%)
[1452747600] CURRENT SERVICE STATE: mbamdb;CPU Load;OK;HARD;1;CPU Load 0% (5 min average)
[1452747600] CURRENT SERVICE STATE: mbamdb;Memory Usage;OK;HARD;1;Memory usage: total:14333.44 MB - used: 1236.71 MB (9%) - free: 13096.73 MB (91%)
[1452747600] CURRENT SERVICE STATE: mbamdb;NSClient++ Version;OK;HARD;1;NSClient++ 0.4.4.15 2015-11-25
[1452747600] CURRENT SERVICE STATE: mbamdb;Service: DNS Client;OK;HARD;1;Dnscache: Started
[1452747600] CURRENT SERVICE STATE: mbamdb;Service: Firewall;OK;HARD;1;MpsSvc: Started
[1452747600] CURRENT SERVICE STATE: mbamdb;Service: Group Policy;OK;HARD;1;gpsvc: Started
[1452747600] CURRENT SERVICE STATE: mbamdb;Service: MSSQL;OK;HARD;1;MSSQLSERVER: Started
[1452747600] CURRENT SERVICE STATE: mbamdb;Service: NetLogin;OK;HARD;1;Netlogon: Started
[1452747600] CURRENT SERVICE STATE: mbamdb;Service: RPC;OK;HARD;1;RpcSs: Started
[1452747600] CURRENT SERVICE STATE: mbamdb;Service: User Profile;OK;HARD;1;ProfSvc: Started
[1452747600] CURRENT SERVICE STATE: mbamdb;Service: WMI;OK;HARD;1;Winmgmt: Started
[1452747600] CURRENT SERVICE STATE: mbamdb;Service: Windows Time;OK;HARD;1;W32Time: Started
[1452747600] CURRENT SERVICE STATE: mbamdb;Uptime;OK;HARD;1;System Uptime - 0 day(s) 0 hour(s) 36 minute(s)
[1452747600] CURRENT SERVICE STATE: netidad;C:\ Drive Space;OK;HARD;1;c:\ - total: 79.66 Gb - used: 13.35 Gb (17%) - free 66.31 Gb (83%)
[1452747600] CURRENT SERVICE STATE: netidad;CPU Load;OK;HARD;1;CPU Load 0% (5 min average)
[1452747600] CURRENT SERVICE STATE: netidad;Memory Usage;OK;HARD;1;Memory usage: total:10943.64 MB - used: 2164.50 MB (20%) - free: 8779.15 MB (80%)
[1452747600] CURRENT SERVICE STATE: netidad;NSClient++ Version;OK;HARD;1;NSClient++ 0.4.4.15 2015-11-25
[1452747600] CURRENT SERVICE STATE: netidad;Service: DNS Client;OK;HARD;1;Dnscache: Started
[1452747600] CURRENT SERVICE STATE: netidad;Service: Firewall;OK;HARD;1;MpsSvc: Started
[1452747600] CURRENT SERVICE STATE: netidad;Service: Group Policy;OK;HARD;1;gpsvc: Started
[1452747600] CURRENT SERVICE STATE: netidad;Service: NetLogin;OK;HARD;1;Netlogon: Started
[1452747600] CURRENT SERVICE STATE: netidad;Service: RPC;OK;HARD;1;RpcSs: Started
[1452747600] CURRENT SERVICE STATE: netidad;Service: User Profile;OK;HARD;1;ProfSvc: Started
[1452747600] CURRENT SERVICE STATE: netidad;Service: WMI;OK;HARD;1;Winmgmt: Started
[1452747600] CURRENT SERVICE STATE: netidad;Service: Windows Time;OK;HARD;1;W32Time: Started
[1452747600] CURRENT SERVICE STATE: netidad;Uptime;OK;HARD;1;System Uptime - 26 day(s) 0 hour(s) 35 minute(s)
[1452747600] CURRENT SERVICE STATE: officekms;C:\ Drive Space;OK;HARD;1;c:\ - total: 49.66 Gb - used: 13.41 Gb (27%) - free 36.24 Gb (73%)
[1452747600] CURRENT SERVICE STATE: officekms;CPU Load;OK;HARD;1;CPU Load 0% (5 min average)
[1452747600] CURRENT SERVICE STATE: officekms;Memory Usage;OK;HARD;1;Memory usage: total:10943.64 MB - used: 1157.77 MB (11%) - free: 9785.88 MB (89%)
[1452747600] CURRENT SERVICE STATE: officekms;NSClient++ Version;OK;HARD;1;NSClient++ 0.4.4.15 2015-11-25
[1452747600] CURRENT SERVICE STATE: officekms;Service: DNS Client;OK;HARD;1;Dnscache: Started
[1452747600] CURRENT SERVICE STATE: officekms;Service: Firewall;OK;HARD;1;MpsSvc: Started
[1452747600] CURRENT SERVICE STATE: officekms;Service: Group Policy;OK;HARD;1;gpsvc: Started
[1452747600] CURRENT SERVICE STATE: officekms;Service: NetLogin;OK;HARD;1;Netlogon: Started
[1452747600] CURRENT SERVICE STATE: officekms;Service: RPC;OK;HARD;1;RpcSs: Started
[1452747600] CURRENT SERVICE STATE: officekms;Service: User Profile;OK;HARD;1;ProfSvc: Started
[1452747600] CURRENT SERVICE STATE: officekms;Service: WMI;OK;HARD;1;Winmgmt: Started
[1452747600] CURRENT SERVICE STATE: officekms;Service: Windows Time;OK;HARD;1;W32Time: Started
[1452747600] CURRENT SERVICE STATE: officekms;Uptime;OK;HARD;1;System Uptime - 9 day(s) 8 hour(s) 47 minute(s)
[1452749459] Auto-save of retention data completed successfully.
[1452750937] SERVICE ALERT: mbamdb;CPU Load;CRITICAL;SOFT;1;CPU Load 94% (5 min average)
[1452751057] SERVICE ALERT: mbamdb;CPU Load;OK;SOFT;2;CPU Load 0% (5 min average)
[1452753059] Auto-save of retention data completed successfully.
[1452753768] SERVICE ALERT: adca2;CPU Load;WARNING;SOFT;1;CPU Load 80% (5 min average)
[1452753888] SERVICE ALERT: adca2;CPU Load;OK;SOFT;2;CPU Load 0% (5 min average)
[1452755041] SERVICE ALERT: officekms;CPU Load;CRITICAL;SOFT;1;CPU Load 94% (5 min average)
[1452755161] SERVICE ALERT: officekms;CPU Load;OK;SOFT;2;CPU Load 2% (5 min average)
[1452756659] Auto-save of retention data completed successfully.
[1452760259] Auto-save of retention data completed successfully.
[1452763859] Auto-save of retention data completed successfully.
[1452767459] Auto-save of retention data completed successfully.
[1452771059] Auto-save of retention data completed successfully.
[1452774659] Auto-save of retention data completed successfully.
[1452778259] Auto-save of retention data completed successfully.
[1452781859] Auto-save of retention data completed successfully.
[1452785459] Auto-save of retention data completed successfully.
[1452789059] Auto-save of retention data completed successfully.
[1452792659] Auto-save of retention data completed successfully.
[1452796259] Auto-save of retention data completed successfully.
[1452799859] Auto-save of retention data completed successfully.
[1452803459] Auto-save of retention data completed successfully.
[1452807059] Auto-save of retention data completed successfully.
[1452810659] Auto-save of retention data completed successfully.
[1452814259] Auto-save of retention data completed successfully.
[1452817859] Auto-save of retention data completed successfully.
[1452821459] Auto-save of retention data completed successfully.
[1452825059] Auto-save of retention data completed successfully.
[1452828659] Auto-save of retention data completed successfully.
[1452832259] Auto-save of retention data completed successfully.
